{"/Users/maximilianHPE/Documents/fitness/src/constants/theme.ts": {"path":"/Users/maximilianHPE/Documents/fitness/src/constants/theme.ts","statementMap":{"0":{"start":{"line":6,"column":0},"end":{"line":6,"column":40}},"1":{"start":{"line":8,"column":23},"end":{"line":8,"column":32}},"2":{"start":{"line":9,"column":22},"end":{"line":9,"column":28}},"3":{"start":{"line":11,"column":13},"end":{"line":28,"column":2}},"4":{"start":{"line":30,"column":13},"end":{"line":53,"column":3}}},"fnMap":{},"branchMap":{},"s":{"0":0,"1":0,"2":0,"3":0,"4":0},"f":{},"b":{}}
,"/Users/maximilianHPE/Documents/fitness/src/hooks/use-color-scheme.ts": {"path":"/Users/maximilianHPE/Documents/fitness/src/hooks/use-color-scheme.ts","statementMap":{"0":{"start":{"line":1,"column":0},"end":{"line":1,"column":9}},"1":{"start":{"line":1,"column":9},"end":{"line":1,"column":46}}},"fnMap":{"0":{"name":"(anonymous_0)","decl":{"start":{"line":1,"column":9},"end":{"line":1,"column":23}},"loc":{"start":{"line":1,"column":9},"end":{"line":1,"column":46}}}},"branchMap":{},"s":{"0":0,"1":0},"f":{"0":0},"b":{}}
,"/Users/maximilianHPE/Documents/fitness/src/hooks/use-color-scheme.web.ts": {"path":"/Users/maximilianHPE/Documents/fitness/src/hooks/use-color-scheme.web.ts","statementMap":{"0":{"start":{"line":7,"column":0},"end":{"line":7,"column":16}},"1":{"start":{"line":1,"column":0},"end":{"line":1,"column":44}},"2":{"start":{"line":2,"column":0},"end":{"line":2,"column":66}},"3":{"start":{"line":8,"column":40},"end":{"line":8,"column":55}},"4":{"start":{"line":10,"column":2},"end":{"line":12,"column":9}},"5":{"start":{"line":11,"column":4},"end":{"line":11,"column":25}},"6":{"start":{"line":14,"column":22},"end":{"line":14,"column":40}},"7":{"start":{"line":16,"column":2},"end":{"line":18,"column":3}},"8":{"start":{"line":17,"column":4},"end":{"line":17,"column":23}},"9":{"start":{"line":20,"column":2},"end":{"line":20,"column":17}}},"fnMap":{"0":{"name":"useColorScheme","decl":{"start":{"line":7,"column":16},"end":{"line":7,"column":30}},"loc":{"start":{"line":7,"column":30},"end":{"line":21,"column":1}}},"1":{"name":"(anonymous_1)","decl":{"start":{"line":10,"column":12},"end":{"line":10,"column":15}},"loc":{"start":{"line":10,"column":17},"end":{"line":12,"column":3}}}},"branchMap":{"0":{"loc":{"start":{"line":16,"column":2},"end":{"line":18,"column":3}},"type":"if","locations":[{"start":{"line":16,"column":2},"end":{"line":18,"column":3}},{"start":{},"end":{}}]}},"s":{"0":0,"1":0,"2":0,"3":0,"4":0,"5":0,"6":0,"7":0,"8":0,"9":0},"f":{"0":0,"1":0},"b":{"0":[0,0]}}
,"/Users/maximilianHPE/Documents/fitness/src/hooks/use-theme-color.ts": {"path":"/Users/maximilianHPE/Documents/fitness/src/hooks/use-theme-color.ts","statementMap":{"0":{"start":{"line":9,"column":0},"end":{"line":9,"column":16}},"1":{"start":{"line":6,"column":0},"end":{"line":6,"column":43}},"2":{"start":{"line":7,"column":0},"end":{"line":7,"column":58}},"3":{"start":{"line":13,"column":16},"end":{"line":13,"column":43}},"4":{"start":{"line":14,"column":25},"end":{"line":14,"column":37}},"5":{"start":{"line":16,"column":2},"end":{"line":20,"column":3}},"6":{"start":{"line":17,"column":4},"end":{"line":17,"column":26}},"7":{"start":{"line":19,"column":4},"end":{"line":19,"column":36}}},"fnMap":{"0":{"name":"useThemeColor","decl":{"start":{"line":9,"column":16},"end":{"line":9,"column":29}},"loc":{"start":{"line":11,"column":65},"end":{"line":21,"column":1}}}},"branchMap":{"0":{"loc":{"start":{"line":13,"column":16},"end":{"line":13,"column":43}},"type":"binary-expr","locations":[{"start":{"line":13,"column":16},"end":{"line":13,"column":32}},{"start":{"line":13,"column":36},"end":{"line":13,"column":43}}]},"1":{"loc":{"start":{"line":16,"column":2},"end":{"line":20,"column":3}},"type":"if","locations":[{"start":{"line":16,"column":2},"end":{"line":20,"column":3}},{"start":{"line":18,"column":9},"end":{"line":20,"column":3}}]}},"s":{"0":0,"1":0,"2":0,"3":0,"4":0,"5":0,"6":0,"7":0},"f":{"0":0},"b":{"0":[0,0],"1":[0,0]}}
,"/Users/maximilianHPE/Documents/fitness/src/hooks/useAuth.ts": {"path":"/Users/maximilianHPE/Documents/fitness/src/hooks/useAuth.ts","statementMap":{"0":{"start":{"line":4,"column":0},"end":{"line":4,"column":16}},"1":{"start":{"line":1,"column":0},"end":{"line":1,"column":54}},"2":{"start":{"line":2,"column":0},"end":{"line":2,"column":53}},"3":{"start":{"line":5,"column":39},"end":{"line":5,"column":55}},"4":{"start":{"line":7,"column":4},"end":{"line":15,"column":null}}},"fnMap":{"0":{"name":"useAuth","decl":{"start":{"line":4,"column":16},"end":{"line":4,"column":23}},"loc":{"start":{"line":4,"column":23},"end":{"line":16,"column":1}}}},"branchMap":{},"s":{"0":0,"1":0,"2":0,"3":0,"4":0},"f":{"0":0},"b":{}}
,"/Users/maximilianHPE/Documents/fitness/src/lib/exercisedb.ts": {"path":"/Users/maximilianHPE/Documents/fitness/src/lib/exercisedb.ts","statementMap":{"0":{"start":{"line":39,"column":0},"end":{"line":39,"column":7}},"1":{"start":{"line":54,"column":0},"end":{"line":54,"column":7}},"2":{"start":{"line":69,"column":0},"end":{"line":69,"column":7}},"3":{"start":{"line":4,"column":17},"end":{"line":4,"column":96}},"4":{"start":{"line":6,"column":19},"end":{"line":9,"column":2}},"5":{"start":{"line":6,"column":26},"end":{"line":9,"column":2}},"6":{"start":{"line":40,"column":14},"end":{"line":42,"column":4}},"7":{"start":{"line":44,"column":2},"end":{"line":46,"column":3}},"8":{"start":{"line":45,"column":4},"end":{"line":45,"column":59}},"9":{"start":{"line":48,"column":2},"end":{"line":48,"column":20}},"10":{"start":{"line":55,"column":14},"end":{"line":57,"column":4}},"11":{"start":{"line":59,"column":2},"end":{"line":61,"column":3}},"12":{"start":{"line":60,"column":4},"end":{"line":60,"column":59}},"13":{"start":{"line":63,"column":2},"end":{"line":63,"column":20}},"14":{"start":{"line":70,"column":14},"end":{"line":72,"column":4}},"15":{"start":{"line":74,"column":2},"end":{"line":76,"column":3}},"16":{"start":{"line":75,"column":4},"end":{"line":75,"column":59}},"17":{"start":{"line":78,"column":2},"end":{"line":78,"column":20}}},"fnMap":{"0":{"name":"(anonymous_0)","decl":{"start":{"line":6,"column":19},"end":{"line":6,"column":22}},"loc":{"start":{"line":6,"column":26},"end":{"line":9,"column":2}}},"1":{"name":"searchExercises","decl":{"start":{"line":39,"column":22},"end":{"line":39,"column":37}},"loc":{"start":{"line":39,"column":51},"end":{"line":49,"column":1}}},"2":{"name":"getExerciseDetail","decl":{"start":{"line":54,"column":22},"end":{"line":54,"column":39}},"loc":{"start":{"line":54,"column":60},"end":{"line":64,"column":1}}},"3":{"name":"getExercisesByBodyPart","decl":{"start":{"line":69,"column":22},"end":{"line":69,"column":44}},"loc":{"start":{"line":69,"column":61},"end":{"line":79,"column":1}}}},"branchMap":{"0":{"loc":{"start":{"line":7,"column":21},"end":{"line":7,"column":64}},"type":"binary-expr","locations":[{"start":{"line":7,"column":21},"end":{"line":7,"column":58}},{"start":{"line":7,"column":62},"end":{"line":7,"column":64}}]},"1":{"loc":{"start":{"line":8,"column":20},"end":{"line":8,"column":62}},"type":"binary-expr","locations":[{"start":{"line":8,"column":20},"end":{"line":8,"column":56}},{"start":{"line":8,"column":60},"end":{"line":8,"column":62}}]},"2":{"loc":{"start":{"line":44,"column":2},"end":{"line":46,"column":3}},"type":"if","locations":[{"start":{"line":44,"column":2},"end":{"line":46,"column":3}},{"start":{},"end":{}}]},"3":{"loc":{"start":{"line":59,"column":2},"end":{"line":61,"column":3}},"type":"if","locations":[{"start":{"line":59,"column":2},"end":{"line":61,"column":3}},{"start":{},"end":{}}]},"4":{"loc":{"start":{"line":74,"column":2},"end":{"line":76,"column":3}},"type":"if","locations":[{"start":{"line":74,"column":2},"end":{"line":76,"column":3}},{"start":{},"end":{}}]}},"s":{"0":0,"1":0,"2":0,"3":0,"4":0,"5":0,"6":0,"7":0,"8":0,"9":0,"10":0,"11":0,"12":0,"13":0,"14":0,"15":0,"16":0,"17":0},"f":{"0":0,"1":0,"2":0,"3":0},"b":{"0":[0,0],"1":[0,0],"2":[0,0],"3":[0,0],"4":[0,0]}}
,"/Users/maximilianHPE/Documents/fitness/src/lib/gemini.ts": {"path":"/Users/maximilianHPE/Documents/fitness/src/lib/gemini.ts","statementMap":{"0":{"start":{"line":37,"column":0},"end":{"line":37,"column":7}},"1":{"start":{"line":87,"column":0},"end":{"line":87,"column":7}},"2":{"start":{"line":1,"column":23},"end":{"line":1,"column":61}},"3":{"start":{"line":2,"column":16},"end":{"line":2,"column":106}},"4":{"start":{"line":42,"column":4},"end":{"line":44,"column":5}},"5":{"start":{"line":43,"column":8},"end":{"line":43,"column":53}},"6":{"start":{"line":46,"column":22},"end":{"line":48,"column":6}},"7":{"start":{"line":50,"column":4},"end":{"line":54,"column":5}},"8":{"start":{"line":51,"column":8},"end":{"line":53,"column":10}},"9":{"start":{"line":56,"column":4},"end":{"line":58,"column":5}},"10":{"start":{"line":57,"column":8},"end":{"line":57,"column":35}},"11":{"start":{"line":60,"column":4},"end":{"line":62,"column":5}},"12":{"start":{"line":61,"column":8},"end":{"line":61,"column":46}},"13":{"start":{"line":64,"column":21},"end":{"line":70,"column":6}},"14":{"start":{"line":72,"column":4},"end":{"line":76,"column":5}},"15":{"start":{"line":73,"column":26},"end":{"line":73,"column":47}},"16":{"start":{"line":74,"column":8},"end":{"line":74,"column":79}},"17":{"start":{"line":75,"column":8},"end":{"line":75,"column":83}},"18":{"start":{"line":78,"column":17},"end":{"line":78,"column":38}},"19":{"start":{"line":79,"column":17},"end":{"line":79,"column":64}},"20":{"start":{"line":80,"column":4},"end":{"line":80,"column":44}},"21":{"start":{"line":92,"column":4},"end":{"line":94,"column":5}},"22":{"start":{"line":93,"column":8},"end":{"line":93,"column":53}},"23":{"start":{"line":96,"column":22},"end":{"line":98,"column":6}},"24":{"start":{"line":100,"column":4},"end":{"line":104,"column":5}},"25":{"start":{"line":101,"column":8},"end":{"line":103,"column":10}},"26":{"start":{"line":106,"column":4},"end":{"line":108,"column":5}},"27":{"start":{"line":107,"column":8},"end":{"line":107,"column":35}},"28":{"start":{"line":110,"column":4},"end":{"line":112,"column":5}},"29":{"start":{"line":111,"column":8},"end":{"line":111,"column":46}},"30":{"start":{"line":114,"column":21},"end":{"line":120,"column":6}},"31":{"start":{"line":122,"column":4},"end":{"line":126,"column":5}},"32":{"start":{"line":123,"column":26},"end":{"line":123,"column":47}},"33":{"start":{"line":124,"column":8},"end":{"line":124,"column":79}},"34":{"start":{"line":125,"column":8},"end":{"line":125,"column":83}},"35":{"start":{"line":128,"column":17},"end":{"line":128,"column":38}},"36":{"start":{"line":129,"column":22},"end":{"line":129,"column":42}},"37":{"start":{"line":130,"column":20},"end":{"line":130,"column":38}},"38":{"start":{"line":131,"column":25},"end":{"line":131,"column":48}},"39":{"start":{"line":134,"column":25},"end":{"line":134,"column":87}},"40":{"start":{"line":134,"column":58},"end":{"line":134,"column":72}},"41":{"start":{"line":135,"column":4},"end":{"line":143,"column":5}},"42":{"start":{"line":136,"column":8},"end":{"line":142,"column":10}},"43":{"start":{"line":146,"column":17},"end":{"line":146,"column":63}},"44":{"start":{"line":146,"column":50},"end":{"line":146,"column":56}},"45":{"start":{"line":147,"column":4},"end":{"line":150,"column":6}}},"fnMap":{"0":{"name":"generateGeminiContent","decl":{"start":{"line":37,"column":22},"end":{"line":37,"column":43}},"loc":{"start":{"line":40,"column":29},"end":{"line":81,"column":1}}},"1":{"name":"generateGeminiContentWithTools","decl":{"start":{"line":87,"column":22},"end":{"line":87,"column":52}},"loc":{"start":{"line":90,"column":29},"end":{"line":151,"column":1}}},"2":{"name":"(anonymous_2)","decl":{"start":{"line":134,"column":46},"end":{"line":134,"column":47}},"loc":{"start":{"line":134,"column":58},"end":{"line":134,"column":72}}},"3":{"name":"(anonymous_3)","decl":{"start":{"line":146,"column":38},"end":{"line":146,"column":39}},"loc":{"start":{"line":146,"column":50},"end":{"line":146,"column":56}}}},"branchMap":{"0":{"loc":{"start":{"line":42,"column":4},"end":{"line":44,"column":5}},"type":"if","locations":[{"start":{"line":42,"column":4},"end":{"line":44,"column":5}},{"start":{},"end":{}}]},"1":{"loc":{"start":{"line":50,"column":4},"end":{"line":54,"column":5}},"type":"if","locations":[{"start":{"line":50,"column":4},"end":{"line":54,"column":5}},{"start":{},"end":{}}]},"2":{"loc":{"start":{"line":56,"column":4},"end":{"line":58,"column":5}},"type":"if","locations":[{"start":{"line":56,"column":4},"end":{"line":58,"column":5}},{"start":{},"end":{}}]},"3":{"loc":{"start":{"line":60,"column":4},"end":{"line":62,"column":5}},"type":"if","locations":[{"start":{"line":60,"column":4},"end":{"line":62,"column":5}},{"start":{},"end":{}}]},"4":{"loc":{"start":{"line":72,"column":4},"end":{"line":76,"column":5}},"type":"if","locations":[{"start":{"line":72,"column":4},"end":{"line":76,"column":5}},{"start":{},"end":{}}]},"5":{"loc":{"start":{"line":75,"column":24},"end":{"line":75,"column":81}},"type":"binary-expr","locations":[{"start":{"line":75,"column":24},"end":{"line":75,"column":48}},{"start":{"line":75,"column":52},"end":{"line":75,"column":81}}]},"6":{"loc":{"start":{"line":80,"column":11},"end":{"line":80,"column":43}},"type":"binary-expr","locations":[{"start":{"line":80,"column":11},"end":{"line":80,"column":15}},{"start":{"line":80,"column":19},"end":{"line":80,"column":43}}]},"7":{"loc":{"start":{"line":92,"column":4},"end":{"line":94,"column":5}},"type":"if","locations":[{"start":{"line":92,"column":4},"end":{"line":94,"column":5}},{"start":{},"end":{}}]},"8":{"loc":{"start":{"line":100,"column":4},"end":{"line":104,"column":5}},"type":"if","locations":[{"start":{"line":100,"column":4},"end":{"line":104,"column":5}},{"start":{},"end":{}}]},"9":{"loc":{"start":{"line":106,"column":4},"end":{"line":108,"column":5}},"type":"if","locations":[{"start":{"line":106,"column":4},"end":{"line":108,"column":5}},{"start":{},"end":{}}]},"10":{"loc":{"start":{"line":110,"column":4},"end":{"line":112,"column":5}},"type":"if","locations":[{"start":{"line":110,"column":4},"end":{"line":112,"column":5}},{"start":{},"end":{}}]},"11":{"loc":{"start":{"line":122,"column":4},"end":{"line":126,"column":5}},"type":"if","locations":[{"start":{"line":122,"column":4},"end":{"line":126,"column":5}},{"start":{},"end":{}}]},"12":{"loc":{"start":{"line":125,"column":24},"end":{"line":125,"column":81}},"type":"binary-expr","locations":[{"start":{"line":125,"column":24},"end":{"line":125,"column":48}},{"start":{"line":125,"column":52},"end":{"line":125,"column":81}}]},"13":{"loc":{"start":{"line":135,"column":4},"end":{"line":143,"column":5}},"type":"if","locations":[{"start":{"line":135,"column":4},"end":{"line":143,"column":5}},{"start":{},"end":{}}]},"14":{"loc":{"start":{"line":139,"column":22},"end":{"line":139,"column":45}},"type":"binary-expr","locations":[{"start":{"line":139,"column":22},"end":{"line":139,"column":39}},{"start":{"line":139,"column":43},"end":{"line":139,"column":45}}]},"15":{"loc":{"start":{"line":148,"column":14},"end":{"line":148,"column":46}},"type":"binary-expr","locations":[{"start":{"line":148,"column":14},"end":{"line":148,"column":18}},{"start":{"line":148,"column":22},"end":{"line":148,"column":46}}]}},"s":{"0":2,"1":2,"2":2,"3":2,"4":0,"5":0,"6":0,"7":0,"8":0,"9":0,"10":0,"11":0,"12":0,"13":0,"14":0,"15":0,"16":0,"17":0,"18":0,"19":0,"20":0,"21":0,"22":0,"23":0,"24":0,"25":0,"26":0,"27":0,"28":0,"29":0,"30":0,"31":0,"32":0,"33":0,"34":0,"35":0,"36":0,"37":0,"38":0,"39":0,"40":0,"41":0,"42":0,"43":0,"44":0,"45":0},"f":{"0":0,"1":0,"2":0,"3":0},"b":{"0":[0,0],"1":[0,0],"2":[0,0],"3":[0,0],"4":[0,0],"5":[0,0],"6":[0,0],"7":[0,0],"8":[0,0],"9":[0,0],"10":[0,0],"11":[0,0],"12":[0,0],"13":[0,0],"14":[0,0],"15":[0,0]}}
,"/Users/maximilianHPE/Documents/fitness/src/lib/openai.ts": {"path":"/Users/maximilianHPE/Documents/fitness/src/lib/openai.ts","statementMap":{"0":{"start":{"line":131,"column":0},"end":{"line":131,"column":7}},"1":{"start":{"line":240,"column":0},"end":{"line":240,"column":7}},"2":{"start":{"line":8,"column":23},"end":{"line":8,"column":61}},"3":{"start":{"line":9,"column":16},"end":{"line":9,"column":60}},"4":{"start":{"line":51,"column":28},"end":{"line":51,"column":30}},"5":{"start":{"line":54,"column":4},"end":{"line":59,"column":5}},"6":{"start":{"line":55,"column":8},"end":{"line":58,"column":11}},"7":{"start":{"line":62,"column":26},"end":{"line":62,"column":27}},"8":{"start":{"line":63,"column":25},"end":{"line":63,"column":27}},"9":{"start":{"line":66,"column":4},"end":{"line":106,"column":5}},"10":{"start":{"line":68,"column":33},"end":{"line":68,"column":68}},"11":{"start":{"line":68,"column":53},"end":{"line":68,"column":67}},"12":{"start":{"line":69,"column":8},"end":{"line":85,"column":9}},"13":{"start":{"line":70,"column":12},"end":{"line":70,"column":30}},"14":{"start":{"line":71,"column":12},"end":{"line":71,"column":55}},"15":{"start":{"line":72,"column":12},"end":{"line":83,"column":15}},"16":{"start":{"line":84,"column":12},"end":{"line":84,"column":21}},"17":{"start":{"line":88,"column":37},"end":{"line":88,"column":76}},"18":{"start":{"line":88,"column":57},"end":{"line":88,"column":75}},"19":{"start":{"line":89,"column":8},"end":{"line":96,"column":9}},"20":{"start":{"line":90,"column":12},"end":{"line":94,"column":15}},"21":{"start":{"line":95,"column":12},"end":{"line":95,"column":21}},"22":{"start":{"line":99,"column":25},"end":{"line":99,"column":52}},"23":{"start":{"line":99,"column":45},"end":{"line":99,"column":51}},"24":{"start":{"line":100,"column":8},"end":{"line":105,"column":9}},"25":{"start":{"line":101,"column":12},"end":{"line":104,"column":15}},"26":{"start":{"line":108,"column":4},"end":{"line":108,"column":20}},"27":{"start":{"line":113,"column":4},"end":{"line":115,"column":5}},"28":{"start":{"line":114,"column":8},"end":{"line":114,"column":25}},"29":{"start":{"line":117,"column":4},"end":{"line":124,"column":8}},"30":{"start":{"line":117,"column":60},"end":{"line":124,"column":6}},"31":{"start":{"line":136,"column":4},"end":{"line":139,"column":5}},"32":{"start":{"line":137,"column":8},"end":{"line":137,"column":93}},"33":{"start":{"line":138,"column":8},"end":{"line":138,"column":106}},"34":{"start":{"line":141,"column":21},"end":{"line":141,"column":73}},"35":{"start":{"line":142,"column":18},"end":{"line":142,"column":47}},"36":{"start":{"line":144,"column":22},"end":{"line":150,"column":6}},"37":{"start":{"line":152,"column":4},"end":{"line":155,"column":5}},"38":{"start":{"line":153,"column":8},"end":{"line":153,"column":27}},"39":{"start":{"line":154,"column":8},"end":{"line":154,"column":34}},"40":{"start":{"line":157,"column":18},"end":{"line":157,"column":82}},"41":{"start":{"line":158,"column":4},"end":{"line":158,"column":89}},"42":{"start":{"line":158,"column":15},"end":{"line":158,"column":89}},"43":{"start":{"line":160,"column":21},"end":{"line":167,"column":6}},"44":{"start":{"line":169,"column":4},"end":{"line":173,"column":5}},"45":{"start":{"line":170,"column":26},"end":{"line":170,"column":47}},"46":{"start":{"line":171,"column":8},"end":{"line":171,"column":81}},"47":{"start":{"line":172,"column":8},"end":{"line":172,"column":83}},"48":{"start":{"line":175,"column":25},"end":{"line":175,"column":46}},"49":{"start":{"line":176,"column":4},"end":{"line":179,"column":5}},"50":{"start":{"line":177,"column":8},"end":{"line":177,"column":58}},"51":{"start":{"line":178,"column":8},"end":{"line":178,"column":58}},"52":{"start":{"line":182,"column":4},"end":{"line":191,"column":5}},"53":{"start":{"line":183,"column":8},"end":{"line":183,"column":40}},"54":{"start":{"line":185,"column":8},"end":{"line":189,"column":11}},"55":{"start":{"line":190,"column":8},"end":{"line":190,"column":85}},"56":{"start":{"line":193,"column":19},"end":{"line":193,"column":36}},"57":{"start":{"line":194,"column":20},"end":{"line":194,"column":35}},"58":{"start":{"line":195,"column":25},"end":{"line":195,"column":46}},"59":{"start":{"line":198,"column":4},"end":{"line":228,"column":5}},"60":{"start":{"line":199,"column":25},"end":{"line":199,"column":46}},"61":{"start":{"line":200,"column":8},"end":{"line":227,"column":9}},"62":{"start":{"line":201,"column":25},"end":{"line":201,"column":72}},"63":{"start":{"line":202,"column":12},"end":{"line":208,"column":14}},"64":{"start":{"line":210,"column":12},"end":{"line":216,"column":15}},"65":{"start":{"line":219,"column":12},"end":{"line":226,"column":14}},"66":{"start":{"line":231,"column":4},"end":{"line":234,"column":6}},"67":{"start":{"line":244,"column":21},"end":{"line":244,"column":86}},"68":{"start":{"line":245,"column":4},"end":{"line":245,"column":53}}},"fnMap":{"0":{"name":"convertToOpenAIMessages","decl":{"start":{"line":47,"column":9},"end":{"line":47,"column":32}},"loc":{"start":{"line":49,"column":30},"end":{"line":109,"column":1}}},"1":{"name":"(anonymous_1)","decl":{"start":{"line":68,"column":48},"end":{"line":68,"column":49}},"loc":{"start":{"line":68,"column":53},"end":{"line":68,"column":67}}},"2":{"name":"(anonymous_2)","decl":{"start":{"line":88,"column":52},"end":{"line":88,"column":53}},"loc":{"start":{"line":88,"column":57},"end":{"line":88,"column":75}}},"3":{"name":"(anonymous_3)","decl":{"start":{"line":99,"column":40},"end":{"line":99,"column":41}},"loc":{"start":{"line":99,"column":45},"end":{"line":99,"column":51}}},"4":{"name":"convertToOpenAITools","decl":{"start":{"line":112,"column":9},"end":{"line":112,"column":29}},"loc":{"start":{"line":112,"column":55},"end":{"line":125,"column":1}}},"5":{"name":"(anonymous_5)","decl":{"start":{"line":117,"column":53},"end":{"line":117,"column":55}},"loc":{"start":{"line":117,"column":60},"end":{"line":124,"column":6}}},"6":{"name":"generateOpenAIContentWithTools","decl":{"start":{"line":131,"column":22},"end":{"line":131,"column":52}},"loc":{"start":{"line":134,"column":29},"end":{"line":235,"column":1}}},"7":{"name":"generateOpenAIContent","decl":{"start":{"line":240,"column":22},"end":{"line":240,"column":43}},"loc":{"start":{"line":242,"column":30},"end":{"line":246,"column":1}}}},"branchMap":{"0":{"loc":{"start":{"line":54,"column":4},"end":{"line":59,"column":5}},"type":"if","locations":[{"start":{"line":54,"column":4},"end":{"line":59,"column":5}},{"start":{},"end":{}}]},"1":{"loc":{"start":{"line":69,"column":8},"end":{"line":85,"column":9}},"type":"if","locations":[{"start":{"line":69,"column":8},"end":{"line":85,"column":9}},{"start":{},"end":{}}]},"2":{"loc":{"start":{"line":89,"column":8},"end":{"line":96,"column":9}},"type":"if","locations":[{"start":{"line":89,"column":8},"end":{"line":96,"column":9}},{"start":{},"end":{}}]},"3":{"loc":{"start":{"line":100,"column":8},"end":{"line":105,"column":9}},"type":"if","locations":[{"start":{"line":100,"column":8},"end":{"line":105,"column":9}},{"start":{},"end":{}}]},"4":{"loc":{"start":{"line":102,"column":22},"end":{"line":102,"column":65}},"type":"cond-expr","locations":[{"start":{"line":102,"column":45},"end":{"line":102,"column":56}},{"start":{"line":102,"column":59},"end":{"line":102,"column":65}}]},"5":{"loc":{"start":{"line":113,"column":4},"end":{"line":115,"column":5}},"type":"if","locations":[{"start":{"line":113,"column":4},"end":{"line":115,"column":5}},{"start":{},"end":{}}]},"6":{"loc":{"start":{"line":136,"column":4},"end":{"line":139,"column":5}},"type":"if","locations":[{"start":{"line":136,"column":4},"end":{"line":139,"column":5}},{"start":{},"end":{}}]},"7":{"loc":{"start":{"line":152,"column":4},"end":{"line":155,"column":5}},"type":"if","locations":[{"start":{"line":152,"column":4},"end":{"line":155,"column":5}},{"start":{},"end":{}}]},"8":{"loc":{"start":{"line":152,"column":8},"end":{"line":152,"column":33}},"type":"binary-expr","locations":[{"start":{"line":152,"column":8},"end":{"line":152,"column":13}},{"start":{"line":152,"column":17},"end":{"line":152,"column":33}}]},"9":{"loc":{"start":{"line":157,"column":18},"end":{"line":157,"column":82}},"type":"cond-expr","locations":[{"start":{"line":157,"column":52},"end":{"line":157,"column":74}},{"start":{"line":157,"column":77},"end":{"line":157,"column":82}}]},"10":{"loc":{"start":{"line":158,"column":4},"end":{"line":158,"column":89}},"type":"if","locations":[{"start":{"line":158,"column":4},"end":{"line":158,"column":89}},{"start":{},"end":{}}]},"11":{"loc":{"start":{"line":169,"column":4},"end":{"line":173,"column":5}},"type":"if","locations":[{"start":{"line":169,"column":4},"end":{"line":173,"column":5}},{"start":{},"end":{}}]},"12":{"loc":{"start":{"line":172,"column":24},"end":{"line":172,"column":81}},"type":"binary-expr","locations":[{"start":{"line":172,"column":24},"end":{"line":172,"column":48}},{"start":{"line":172,"column":52},"end":{"line":172,"column":81}}]},"13":{"loc":{"start":{"line":176,"column":4},"end":{"line":179,"column":5}},"type":"if","locations":[{"start":{"line":176,"column":4},"end":{"line":179,"column":5}},{"start":{},"end":{}}]},"14":{"loc":{"start":{"line":176,"column":8},"end":{"line":176,"column":51}},"type":"binary-expr","locations":[{"start":{"line":176,"column":8},"end":{"line":176,"column":21}},{"start":{"line":176,"column":25},"end":{"line":176,"column":51}}]},"15":{"loc":{"start":{"line":198,"column":4},"end":{"line":228,"column":5}},"type":"if","locations":[{"start":{"line":198,"column":4},"end":{"line":228,"column":5}},{"start":{},"end":{}}]},"16":{"loc":{"start":{"line":198,"column":8},"end":{"line":198,"column":60}},"type":"binary-expr","locations":[{"start":{"line":198,"column":8},"end":{"line":198,"column":27}},{"start":{"line":198,"column":31},"end":{"line":198,"column":60}}]},"17":{"loc":{"start":{"line":201,"column":36},"end":{"line":201,"column":71}},"type":"binary-expr","locations":[{"start":{"line":201,"column":36},"end":{"line":201,"column":63}},{"start":{"line":201,"column":67},"end":{"line":201,"column":71}}]},"18":{"loc":{"start":{"line":214,"column":33},"end":{"line":214,"column":73}},"type":"binary-expr","locations":[{"start":{"line":214,"column":33},"end":{"line":214,"column":68}},{"start":{"line":214,"column":72},"end":{"line":214,"column":73}}]},"19":{"loc":{"start":{"line":232,"column":14},"end":{"line":232,"column":58}},"type":"binary-expr","locations":[{"start":{"line":232,"column":14},"end":{"line":232,"column":30}},{"start":{"line":232,"column":34},"end":{"line":232,"column":58}}]},"20":{"loc":{"start":{"line":245,"column":11},"end":{"line":245,"column":52}},"type":"binary-expr","locations":[{"start":{"line":245,"column":11},"end":{"line":245,"column":24}},{"start":{"line":245,"column":28},"end":{"line":245,"column":52}}]}},"s":{"0":2,"1":2,"2":2,"3":2,"4":0,"5":0,"6":0,"7":0,"8":0,"9":0,"10":0,"11":0,"12":0,"13":0,"14":0,"15":0,"16":0,"17":0,"18":0,"19":0,"20":0,"21":0,"22":0,"23":0,"24":0,"25":0,"26":0,"27":0,"28":0,"29":0,"30":0,"31":0,"32":0,"33":0,"34":0,"35":0,"36":0,"37":0,"38":0,"39":0,"40":0,"41":0,"42":0,"43":0,"44":0,"45":0,"46":0,"47":0,"48":0,"49":0,"50":0,"51":0,"52":0,"53":0,"54":0,"55":0,"56":0,"57":0,"58":0,"59":0,"60":0,"61":0,"62":0,"63":0,"64":0,"65":0,"66":0,"67":0,"68":0},"f":{"0":0,"1":0,"2":0,"3":0,"4":0,"5":0,"6":0,"7":0},"b":{"0":[0,0],"1":[0,0],"2":[0,0],"3":[0,0],"4":[0,0],"5":[0,0],"6":[0,0],"7":[0,0],"8":[0,0],"9":[0,0],"10":[0,0],"11":[0,0],"12":[0,0],"13":[0,0],"14":[0,0],"15":[0,0],"16":[0,0],"17":[0,0],"18":[0,0],"19":[0,0],"20":[0,0]}}
,"/Users/maximilianHPE/Documents/fitness/src/lib/supabase.ts": {"path":"/Users/maximilianHPE/Documents/fitness/src/lib/supabase.ts","statementMap":{"0":{"start":{"line":1,"column":0},"end":{"line":1,"column":68}},"1":{"start":{"line":2,"column":0},"end":{"line":2,"column":52}},"2":{"start":{"line":3,"column":0},"end":{"line":3,"column":49}},"3":{"start":{"line":4,"column":0},"end":{"line":4,"column":39}},"4":{"start":{"line":6,"column":20},"end":{"line":6,"column":62}},"5":{"start":{"line":7,"column":24},"end":{"line":7,"column":71}},"6":{"start":{"line":9,"column":0},"end":{"line":11,"column":1}},"7":{"start":{"line":10,"column":4},"end":{"line":10,"column":null}},"8":{"start":{"line":15,"column":20},"end":{"line":34,"column":null}},"9":{"start":{"line":17,"column":8},"end":{"line":19,"column":9}},"10":{"start":{"line":18,"column":12},"end":{"line":18,"column":null}},"11":{"start":{"line":20,"column":8},"end":{"line":20,"column":null}},"12":{"start":{"line":23,"column":8},"end":{"line":25,"column":9}},"13":{"start":{"line":24,"column":12},"end":{"line":24,"column":null}},"14":{"start":{"line":26,"column":8},"end":{"line":26,"column":null}},"15":{"start":{"line":29,"column":8},"end":{"line":31,"column":9}},"16":{"start":{"line":30,"column":12},"end":{"line":30,"column":null}},"17":{"start":{"line":32,"column":8},"end":{"line":32,"column":null}},"18":{"start":{"line":36,"column":13},"end":{"line":43,"column":null}},"19":{"start":{"line":46,"column":0},"end":{"line":52,"column":null}},"20":{"start":{"line":47,"column":4},"end":{"line":51,"column":5}},"21":{"start":{"line":48,"column":8},"end":{"line":48,"column":null}},"22":{"start":{"line":50,"column":8},"end":{"line":50,"column":null}}},"fnMap":{"0":{"name":"(anonymous_1)","decl":{"start":{"line":16,"column":13},"end":{"line":16,"column":14}},"loc":{"start":{"line":16,"column":29},"end":{"line":21,"column":5}}},"1":{"name":"(anonymous_2)","decl":{"start":{"line":22,"column":13},"end":{"line":22,"column":14}},"loc":{"start":{"line":22,"column":44},"end":{"line":27,"column":5}}},"2":{"name":"(anonymous_3)","decl":{"start":{"line":28,"column":16},"end":{"line":28,"column":17}},"loc":{"start":{"line":28,"column":32},"end":{"line":33,"column":5}}},"3":{"name":"(anonymous_4)","decl":{"start":{"line":46,"column":36},"end":{"line":46,"column":37}},"loc":{"start":{"line":46,"column":46},"end":{"line":52,"column":1}}}},"branchMap":{"0":{"loc":{"start":{"line":6,"column":20},"end":{"line":6,"column":62}},"type":"binary-expr","locations":[{"start":{"line":6,"column":20},"end":{"line":6,"column":56}},{"start":{"line":6,"column":60},"end":{"line":6,"column":62}}]},"1":{"loc":{"start":{"line":7,"column":24},"end":{"line":7,"column":71}},"type":"binary-expr","locations":[{"start":{"line":7,"column":24},"end":{"line":7,"column":65}},{"start":{"line":7,"column":69},"end":{"line":7,"column":71}}]},"2":{"loc":{"start":{"line":9,"column":0},"end":{"line":11,"column":1}},"type":"if","locations":[{"start":{"line":9,"column":0},"end":{"line":11,"column":1}},{"start":{},"end":{}}]},"3":{"loc":{"start":{"line":9,"column":4},"end":{"line":9,"column":36}},"type":"binary-expr","locations":[{"start":{"line":9,"column":4},"end":{"line":9,"column":16}},{"start":{"line":9,"column":20},"end":{"line":9,"column":36}}]},"4":{"loc":{"start":{"line":17,"column":8},"end":{"line":19,"column":9}},"type":"if","locations":[{"start":{"line":17,"column":8},"end":{"line":19,"column":9}},{"start":{},"end":{}}]},"5":{"loc":{"start":{"line":17,"column":12},"end":{"line":17,"column":66}},"type":"binary-expr","locations":[{"start":{"line":17,"column":12},"end":{"line":17,"column":33}},{"start":{"line":17,"column":37},"end":{"line":17,"column":66}}]},"6":{"loc":{"start":{"line":23,"column":8},"end":{"line":25,"column":9}},"type":"if","locations":[{"start":{"line":23,"column":8},"end":{"line":25,"column":9}},{"start":{},"end":{}}]},"7":{"loc":{"start":{"line":23,"column":12},"end":{"line":23,"column":66}},"type":"binary-expr","locations":[{"start":{"line":23,"column":12},"end":{"line":23,"column":33}},{"start":{"line":23,"column":37},"end":{"line":23,"column":66}}]},"8":{"loc":{"start":{"line":29,"column":8},"end":{"line":31,"column":9}},"type":"if","locations":[{"start":{"line":29,"column":8},"end":{"line":31,"column":9}},{"start":{},"end":{}}]},"9":{"loc":{"start":{"line":29,"column":12},"end":{"line":29,"column":66}},"type":"binary-expr","locations":[{"start":{"line":29,"column":12},"end":{"line":29,"column":33}},{"start":{"line":29,"column":37},"end":{"line":29,"column":66}}]},"10":{"loc":{"start":{"line":47,"column":4},"end":{"line":51,"column":5}},"type":"if","locations":[{"start":{"line":47,"column":4},"end":{"line":51,"column":5}},{"start":{"line":49,"column":11},"end":{"line":51,"column":5}}]}},"s":{"0":0,"1":0,"2":0,"3":0,"4":0,"5":0,"6":0,"7":0,"8":0,"9":0,"10":0,"11":0,"12":0,"13":0,"14":0,"15":0,"16":0,"17":0,"18":0,"19":0,"20":0,"21":0,"22":0},"f":{"0":0,"1":0,"2":0,"3":0},"b":{"0":[0,0],"1":[0,0],"2":[0,0],"3":[0,0],"4":[0,0],"5":[0,0],"6":[0,0],"7":[0,0],"8":[0,0],"9":[0,0],"10":[0,0]}}
,"/Users/maximilianHPE/Documents/fitness/src/patterns/abstract-factory/AIFactory.ts": {"path":"/Users/maximilianHPE/Documents/fitness/src/patterns/abstract-factory/AIFactory.ts","statementMap":{"0":{"start":{"line":1,"column":0},"end":{"line":1,"column":53}},"1":{"start":{"line":2,"column":0},"end":{"line":2,"column":53}},"2":{"start":{"line":39,"column":23},"end":{"line":39,"column":77}},"3":{"start":{"line":40,"column":25},"end":{"line":40,"column":123}},"4":{"start":{"line":41,"column":8},"end":{"line":41,"column":36}},"5":{"start":{"line":47,"column":8},"end":{"line":47,"column":86}},"6":{"start":{"line":48,"column":8},"end":{"line":48,"column":39}},"7":{"start":{"line":57,"column":30},"end":{"line":57,"column":115}},"8":{"start":{"line":58,"column":8},"end":{"line":62,"column":10}},"9":{"start":{"line":68,"column":8},"end":{"line":68,"column":65}},"10":{"start":{"line":69,"column":8},"end":{"line":69,"column":39}},"11":{"start":{"line":80,"column":8},"end":{"line":80,"column":33}},"12":{"start":{"line":83,"column":8},"end":{"line":83,"column":41}},"13":{"start":{"line":78,"column":0},"end":{"line":78,"column":13}},"14":{"start":{"line":89,"column":8},"end":{"line":89,"column":33}},"15":{"start":{"line":92,"column":8},"end":{"line":92,"column":41}},"16":{"start":{"line":87,"column":0},"end":{"line":87,"column":13}},"17":{"start":{"line":104,"column":8},"end":{"line":104,"column":31}},"18":{"start":{"line":108,"column":22},"end":{"line":108,"column":48}},"19":{"start":{"line":109,"column":8},"end":{"line":109,"column":43}},"20":{"start":{"line":100,"column":0},"end":{"line":100,"column":13}}},"fnMap":{"0":{"name":"(anonymous_0)","decl":{"start":{"line":38,"column":4},"end":{"line":38,"column":9}},"loc":{"start":{"line":38,"column":65},"end":{"line":42,"column":5}}},"1":{"name":"(anonymous_1)","decl":{"start":{"line":46,"column":4},"end":{"line":46,"column":9}},"loc":{"start":{"line":46,"column":48},"end":{"line":49,"column":5}}},"2":{"name":"(anonymous_2)","decl":{"start":{"line":56,"column":4},"end":{"line":56,"column":9}},"loc":{"start":{"line":56,"column":65},"end":{"line":63,"column":5}}},"3":{"name":"(anonymous_3)","decl":{"start":{"line":67,"column":4},"end":{"line":67,"column":9}},"loc":{"start":{"line":67,"column":48},"end":{"line":70,"column":5}}},"4":{"name":"(anonymous_4)","decl":{"start":{"line":79,"column":4},"end":{"line":79,"column":15}},"loc":{"start":{"line":79,"column":15},"end":{"line":81,"column":5}}},"5":{"name":"(anonymous_5)","decl":{"start":{"line":82,"column":4},"end":{"line":82,"column":23}},"loc":{"start":{"line":82,"column":23},"end":{"line":84,"column":5}}},"6":{"name":"(anonymous_6)","decl":{"start":{"line":88,"column":4},"end":{"line":88,"column":15}},"loc":{"start":{"line":88,"column":15},"end":{"line":90,"column":5}}},"7":{"name":"(anonymous_7)","decl":{"start":{"line":91,"column":4},"end":{"line":91,"column":23}},"loc":{"start":{"line":91,"column":23},"end":{"line":93,"column":5}}},"8":{"name":"(anonymous_8)","decl":{"start":{"line":103,"column":4},"end":{"line":103,"column":16}},"loc":{"start":{"line":103,"column":34},"end":{"line":105,"column":5}}},"9":{"name":"(anonymous_9)","decl":{"start":{"line":107,"column":4},"end":{"line":107,"column":9}},"loc":{"start":{"line":107,"column":38},"end":{"line":110,"column":5}}}},"branchMap":{"0":{"loc":{"start":{"line":59,"column":30},"end":{"line":59,"column":93}},"type":"cond-expr","locations":[{"start":{"line":59,"column":61},"end":{"line":59,"column":69}},{"start":{"line":59,"column":73},"end":{"line":59,"column":92}}]},"1":{"loc":{"start":{"line":59,"column":73},"end":{"line":59,"column":92}},"type":"binary-expr","locations":[{"start":{"line":59,"column":73},"end":{"line":59,"column":86}},{"start":{"line":59,"column":90},"end":{"line":59,"column":92}}]}},"s":{"0":2,"1":2,"2":0,"3":0,"4":0,"5":1,"6":1,"7":0,"8":0,"9":0,"10":0,"11":1,"12":2,"13":2,"14":1,"15":1,"16":2,"17":0,"18":0,"19":0,"20":2},"f":{"0":0,"1":1,"2":0,"3":0,"4":1,"5":2,"6":1,"7":1,"8":0,"9":0},"b":{"0":[0,0],"1":[0,0]}}
,"/Users/maximilianHPE/Documents/fitness/src/patterns/factory/CoachFactory.ts": {"path":"/Users/maximilianHPE/Documents/fitness/src/patterns/factory/CoachFactory.ts","statementMap":{"0":{"start":{"line":20,"column":31},"end":{"line":20,"column":62}},"1":{"start":{"line":22,"column":8},"end":{"line":36,"column":10}},"2":{"start":{"line":40,"column":8},"end":{"line":45,"column":38}},"3":{"start":{"line":41,"column":30},"end":{"line":41,"column":72}},"4":{"start":{"line":41,"column":57},"end":{"line":41,"column":71}},"5":{"start":{"line":42,"column":12},"end":{"line":42,"column":52}},"6":{"start":{"line":42,"column":40},"end":{"line":42,"column":52}},"7":{"start":{"line":43,"column":27},"end":{"line":43,"column":101}},"8":{"start":{"line":43,"column":69},"end":{"line":43,"column":97}},"9":{"start":{"line":44,"column":12},"end":{"line":44,"column":78}},"10":{"start":{"line":18,"column":0},"end":{"line":18,"column":13}},"11":{"start":{"line":55,"column":8},"end":{"line":67,"column":10}},"12":{"start":{"line":53,"column":0},"end":{"line":53,"column":13}},"13":{"start":{"line":77,"column":8},"end":{"line":84,"column":9}},"14":{"start":{"line":79,"column":16},"end":{"line":79,"column":43}},"15":{"start":{"line":81,"column":16},"end":{"line":81,"column":47}},"16":{"start":{"line":83,"column":16},"end":{"line":83,"column":43}},"17":{"start":{"line":75,"column":0},"end":{"line":75,"column":13}}},"fnMap":{"0":{"name":"(anonymous_0)","decl":{"start":{"line":19,"column":4},"end":{"line":19,"column":21}},"loc":{"start":{"line":19,"column":77},"end":{"line":37,"column":5}}},"1":{"name":"(anonymous_1)","decl":{"start":{"line":39,"column":12},"end":{"line":39,"column":25}},"loc":{"start":{"line":39,"column":35},"end":{"line":46,"column":5}}},"2":{"name":"(anonymous_2)","decl":{"start":{"line":40,"column":34},"end":{"line":40,"column":35}},"loc":{"start":{"line":40,"column":46},"end":{"line":45,"column":9}}},"3":{"name":"(anonymous_3)","decl":{"start":{"line":41,"column":45},"end":{"line":41,"column":46}},"loc":{"start":{"line":41,"column":57},"end":{"line":41,"column":71}}},"4":{"name":"(anonymous_4)","decl":{"start":{"line":43,"column":44},"end":{"line":43,"column":45}},"loc":{"start":{"line":43,"column":69},"end":{"line":43,"column":97}}},"5":{"name":"(anonymous_5)","decl":{"start":{"line":54,"column":4},"end":{"line":54,"column":21}},"loc":{"start":{"line":54,"column":77},"end":{"line":68,"column":5}}},"6":{"name":"(anonymous_6)","decl":{"start":{"line":76,"column":4},"end":{"line":76,"column":10}},"loc":{"start":{"line":76,"column":56},"end":{"line":85,"column":5}}}},"branchMap":{"0":{"loc":{"start":{"line":33,"column":18},"end":{"line":33,"column":131}},"type":"cond-expr","locations":[{"start":{"line":33,"column":39},"end":{"line":33,"column":109}},{"start":{"line":33,"column":112},"end":{"line":33,"column":131}}]},"1":{"loc":{"start":{"line":42,"column":12},"end":{"line":42,"column":52}},"type":"if","locations":[{"start":{"line":42,"column":12},"end":{"line":42,"column":52}},{"start":{},"end":{}}]},"2":{"loc":{"start":{"line":77,"column":8},"end":{"line":84,"column":9}},"type":"switch","locations":[{"start":{"line":78,"column":12},"end":{"line":79,"column":43}},{"start":{"line":80,"column":12},"end":{"line":81,"column":47}},{"start":{"line":82,"column":12},"end":{"line":83,"column":43}}]}},"s":{"0":2,"1":1,"2":2,"3":0,"4":0,"5":0,"6":0,"7":0,"8":0,"9":0,"10":3,"11":2,"12":3,"13":4,"14":2,"15":2,"16":0,"17":3},"f":{"0":2,"1":2,"2":0,"3":0,"4":0,"5":2,"6":4},"b":{"0":[1,0],"1":[0,0],"2":[2,2,0]}}
,"/Users/maximilianHPE/Documents/fitness/src/services/ai-tools.service.ts": {"path":"/Users/maximilianHPE/Documents/fitness/src/services/ai-tools.service.ts","statementMap":{"0":{"start":{"line":13,"column":0},"end":{"line":13,"column":42}},"1":{"start":{"line":14,"column":0},"end":{"line":14,"column":74}},"2":{"start":{"line":17,"column":23},"end":{"line":17,"column":50}},"3":{"start":{"line":19,"column":13},"end":{"line":244,"column":2}},"4":{"start":{"line":247,"column":21},"end":{"line":257,"column":1}},"5":{"start":{"line":248,"column":40},"end":{"line":255,"column":6}},"6":{"start":{"line":256,"column":4},"end":{"line":256,"column":29}},"7":{"start":{"line":260,"column":27},"end":{"line":279,"column":1}},"8":{"start":{"line":261,"column":16},"end":{"line":261,"column":26}},"9":{"start":{"line":262,"column":22},"end":{"line":262,"column":38}},"10":{"start":{"line":264,"column":4},"end":{"line":278,"column":5}},"11":{"start":{"line":266,"column":12},"end":{"line":266,"column":50}},"12":{"start":{"line":268,"column":12},"end":{"line":271,"column":14}},"13":{"start":{"line":273,"column":12},"end":{"line":273,"column":57}},"14":{"start":{"line":275,"column":12},"end":{"line":275,"column":57}},"15":{"start":{"line":277,"column":12},"end":{"line":277,"column":75}},"16":{"start":{"line":282,"column":13},"end":{"line":1289,"column":2}},"17":{"start":{"line":284,"column":8},"end":{"line":308,"column":9}},"18":{"start":{"line":287,"column":16},"end":{"line":287,"column":58}},"19":{"start":{"line":289,"column":16},"end":{"line":289,"column":53}},"20":{"start":{"line":291,"column":16},"end":{"line":291,"column":76}},"21":{"start":{"line":293,"column":16},"end":{"line":293,"column":78}},"22":{"start":{"line":295,"column":16},"end":{"line":295,"column":131}},"23":{"start":{"line":297,"column":16},"end":{"line":297,"column":105}},"24":{"start":{"line":299,"column":16},"end":{"line":299,"column":85}},"25":{"start":{"line":301,"column":16},"end":{"line":301,"column":88}},"26":{"start":{"line":303,"column":16},"end":{"line":303,"column":76}},"27":{"start":{"line":305,"column":16},"end":{"line":305,"column":107}},"28":{"start":{"line":307,"column":16},"end":{"line":307,"column":69}},"29":{"start":{"line":315,"column":27},"end":{"line":315,"column":80}},"30":{"start":{"line":317,"column":25},"end":{"line":330,"column":56}},"31":{"start":{"line":332,"column":25},"end":{"line":332,"column":45}},"32":{"start":{"line":334,"column":8},"end":{"line":340,"column":9}},"33":{"start":{"line":335,"column":12},"end":{"line":339,"column":14}},"34":{"start":{"line":343,"column":26},"end":{"line":343,"column":27}},"35":{"start":{"line":344,"column":24},"end":{"line":344,"column":25}},"36":{"start":{"line":345,"column":27},"end":{"line":345,"column":28}},"37":{"start":{"line":346,"column":56},"end":{"line":346,"column":58}},"38":{"start":{"line":348,"column":8},"end":{"line":364,"column":11}},"39":{"start":{"line":349,"column":12},"end":{"line":349,"column":52}},"40":{"start":{"line":350,"column":12},"end":{"line":363,"column":15}},"41":{"start":{"line":351,"column":36},"end":{"line":351,"column":83}},"42":{"start":{"line":351,"column":64},"end":{"line":351,"column":76}},"43":{"start":{"line":352,"column":16},"end":{"line":352,"column":48}},"44":{"start":{"line":354,"column":16},"end":{"line":356,"column":19}},"45":{"start":{"line":355,"column":20},"end":{"line":355,"column":70}},"46":{"start":{"line":359,"column":32},"end":{"line":359,"column":85}},"47":{"start":{"line":360,"column":16},"end":{"line":362,"column":19}},"48":{"start":{"line":361,"column":20},"end":{"line":361,"column":95}},"49":{"start":{"line":361,"column":27},"end":{"line":361,"column":95}},"50":{"start":{"line":367,"column":27},"end":{"line":370,"column":56}},"51":{"start":{"line":368,"column":28},"end":{"line":368,"column":39}},"52":{"start":{"line":370,"column":38},"end":{"line":370,"column":54}},"53":{"start":{"line":372,"column":8},"end":{"line":383,"column":10}},"54":{"start":{"line":390,"column":22},"end":{"line":404,"column":22}},"55":{"start":{"line":406,"column":35},"end":{"line":406,"column":46}},"56":{"start":{"line":408,"column":8},"end":{"line":410,"column":9}},"57":{"start":{"line":409,"column":12},"end":{"line":409,"column":59}},"58":{"start":{"line":413,"column":28},"end":{"line":413,"column":39}},"59":{"start":{"line":414,"column":8},"end":{"line":422,"column":9}},"60":{"start":{"line":415,"column":29},"end":{"line":419,"column":null}},"61":{"start":{"line":416,"column":16},"end":{"line":418,"column":null}},"62":{"start":{"line":417,"column":20},"end":{"line":418,"column":120}},"63":{"start":{"line":418,"column":68},"end":{"line":418,"column":119}},"64":{"start":{"line":421,"column":12},"end":{"line":421,"column":51}},"65":{"start":{"line":421,"column":26},"end":{"line":421,"column":51}},"66":{"start":{"line":424,"column":24},"end":{"line":424,"column":44}},"67":{"start":{"line":427,"column":30},"end":{"line":427,"column":114}},"68":{"start":{"line":427,"column":74},"end":{"line":427,"column":91}},"69":{"start":{"line":429,"column":24},"end":{"line":429,"column":25}},"70":{"start":{"line":430,"column":26},"end":{"line":430,"column":27}},"71":{"start":{"line":431,"column":8},"end":{"line":437,"column":11}},"72":{"start":{"line":432,"column":32},"end":{"line":432,"column":79}},"73":{"start":{"line":432,"column":60},"end":{"line":432,"column":72}},"74":{"start":{"line":433,"column":12},"end":{"line":433,"column":44}},"75":{"start":{"line":434,"column":12},"end":{"line":436,"column":15}},"76":{"start":{"line":435,"column":16},"end":{"line":435,"column":66}},"77":{"start":{"line":439,"column":8},"end":{"line":448,"column":10}},"78":{"start":{"line":455,"column":21},"end":{"line":455,"column":41}},"79":{"start":{"line":456,"column":27},"end":{"line":456,"column":66}},"80":{"start":{"line":459,"column":36},"end":{"line":463,"column":21}},"81":{"start":{"line":465,"column":8},"end":{"line":467,"column":9}},"82":{"start":{"line":466,"column":12},"end":{"line":466,"column":69}},"83":{"start":{"line":469,"column":25},"end":{"line":469,"column":69}},"84":{"start":{"line":472,"column":35},"end":{"line":484,"column":55}},"85":{"start":{"line":486,"column":8},"end":{"line":493,"column":9}},"86":{"start":{"line":487,"column":12},"end":{"line":492,"column":14}},"87":{"start":{"line":496,"column":25},"end":{"line":513,"column":26}},"88":{"start":{"line":497,"column":33},"end":{"line":497,"column":55}},"89":{"start":{"line":498,"column":32},"end":{"line":498,"column":82}},"90":{"start":{"line":498,"column":69},"end":{"line":498,"column":81}},"91":{"start":{"line":500,"column":12},"end":{"line":500,"column":54}},"92":{"start":{"line":500,"column":42},"end":{"line":500,"column":54}},"93":{"start":{"line":502,"column":30},"end":{"line":502,"column":88}},"94":{"start":{"line":502,"column":70},"end":{"line":502,"column":86}},"95":{"start":{"line":503,"column":32},"end":{"line":503,"column":122}},"96":{"start":{"line":503,"column":76},"end":{"line":503,"column":118}},"97":{"start":{"line":504,"column":30},"end":{"line":504,"column":97}},"98":{"start":{"line":504,"column":74},"end":{"line":504,"column":93}},"99":{"start":{"line":506,"column":12},"end":{"line":512,"column":14}},"100":{"start":{"line":515,"column":8},"end":{"line":522,"column":9}},"101":{"start":{"line":516,"column":12},"end":{"line":521,"column":14}},"102":{"start":{"line":525,"column":22},"end":{"line":525,"column":89}},"103":{"start":{"line":526,"column":21},"end":{"line":526,"column":106}},"104":{"start":{"line":527,"column":26},"end":{"line":527,"column":106}},"105":{"start":{"line":529,"column":27},"end":{"line":529,"column":43}},"106":{"start":{"line":530,"column":25},"end":{"line":530,"column":40}},"107":{"start":{"line":531,"column":23},"end":{"line":531,"column":44}},"108":{"start":{"line":532,"column":30},"end":{"line":532,"column":90}},"109":{"start":{"line":535,"column":26},"end":{"line":535,"column":74}},"110":{"start":{"line":535,"column":61},"end":{"line":535,"column":73}},"111":{"start":{"line":536,"column":28},"end":{"line":536,"column":103}},"112":{"start":{"line":536,"column":84},"end":{"line":536,"column":102}},"113":{"start":{"line":538,"column":8},"end":{"line":552,"column":10}},"114":{"start":{"line":559,"column":21},"end":{"line":559,"column":41}},"115":{"start":{"line":560,"column":27},"end":{"line":560,"column":66}},"116":{"start":{"line":562,"column":36},"end":{"line":566,"column":21}},"117":{"start":{"line":568,"column":8},"end":{"line":570,"column":9}},"118":{"start":{"line":569,"column":12},"end":{"line":569,"column":69}},"119":{"start":{"line":572,"column":25},"end":{"line":572,"column":69}},"120":{"start":{"line":574,"column":25},"end":{"line":580,"column":55}},"121":{"start":{"line":582,"column":26},"end":{"line":582,"column":36}},"122":{"start":{"line":583,"column":22},"end":{"line":583,"column":41}},"123":{"start":{"line":584,"column":26},"end":{"line":584,"column":49}},"124":{"start":{"line":587,"column":25},"end":{"line":587,"column":26}},"125":{"start":{"line":588,"column":25},"end":{"line":588,"column":26}},"126":{"start":{"line":590,"column":8},"end":{"line":601,"column":9}},"127":{"start":{"line":591,"column":35},"end":{"line":591,"column":37}},"128":{"start":{"line":592,"column":12},"end":{"line":598,"column":13}},"129":{"start":{"line":592,"column":25},"end":{"line":592,"column":26}},"130":{"start":{"line":593,"column":28},"end":{"line":595,"column":null}},"131":{"start":{"line":597,"column":16},"end":{"line":597,"column":31}},"132":{"start":{"line":599,"column":12},"end":{"line":599,"column":43}},"133":{"start":{"line":600,"column":12},"end":{"line":600,"column":83}},"134":{"start":{"line":600,"column":58},"end":{"line":600,"column":63}},"135":{"start":{"line":604,"column":30},"end":{"line":606,"column":18}},"136":{"start":{"line":609,"column":31},"end":{"line":609,"column":32}},"137":{"start":{"line":610,"column":8},"end":{"line":615,"column":9}},"138":{"start":{"line":611,"column":35},"end":{"line":611,"column":36}},"139":{"start":{"line":612,"column":35},"end":{"line":612,"column":79}},"140":{"start":{"line":613,"column":29},"end":{"line":613,"column":78}},"141":{"start":{"line":614,"column":12},"end":{"line":614,"column":69}},"142":{"start":{"line":617,"column":8},"end":{"line":627,"column":10}},"143":{"start":{"line":634,"column":21},"end":{"line":634,"column":41}},"144":{"start":{"line":635,"column":27},"end":{"line":635,"column":66}},"145":{"start":{"line":637,"column":35},"end":{"line":646,"column":44}},"146":{"start":{"line":648,"column":8},"end":{"line":650,"column":9}},"147":{"start":{"line":649,"column":12},"end":{"line":649,"column":60}},"148":{"start":{"line":652,"column":55},"end":{"line":652,"column":57}},"149":{"start":{"line":653,"column":27},"end":{"line":653,"column":104}},"150":{"start":{"line":655,"column":8},"end":{"line":667,"column":11}},"151":{"start":{"line":656,"column":12},"end":{"line":666,"column":15}},"152":{"start":{"line":657,"column":36},"end":{"line":657,"column":89}},"153":{"start":{"line":657,"column":64},"end":{"line":657,"column":76}},"154":{"start":{"line":658,"column":32},"end":{"line":658,"column":85}},"155":{"start":{"line":660,"column":16},"end":{"line":665,"column":19}},"156":{"start":{"line":661,"column":20},"end":{"line":664,"column":21}},"157":{"start":{"line":662,"column":43},"end":{"line":662,"column":58}},"158":{"start":{"line":663,"column":24},"end":{"line":663,"column":101}},"159":{"start":{"line":670,"column":25},"end":{"line":675,"column":11}},"160":{"start":{"line":670,"column":51},"end":{"line":675,"column":10}},"161":{"start":{"line":677,"column":26},"end":{"line":677,"column":91}},"162":{"start":{"line":677,"column":47},"end":{"line":677,"column":71}},"163":{"start":{"line":677,"column":82},"end":{"line":677,"column":90}},"164":{"start":{"line":678,"column":28},"end":{"line":678,"column":80}},"165":{"start":{"line":678,"column":52},"end":{"line":678,"column":67}},"166":{"start":{"line":680,"column":8},"end":{"line":688,"column":10}},"167":{"start":{"line":683,"column":46},"end":{"line":683,"column":61}},"168":{"start":{"line":685,"column":47},"end":{"line":685,"column":55}},"169":{"start":{"line":695,"column":33},"end":{"line":734,"column":9}},"170":{"start":{"line":696,"column":35},"end":{"line":696,"column":61}},"171":{"start":{"line":698,"column":39},"end":{"line":708,"column":55}},"172":{"start":{"line":710,"column":12},"end":{"line":710,"column":39}},"173":{"start":{"line":710,"column":27},"end":{"line":710,"column":39}},"174":{"start":{"line":712,"column":28},"end":{"line":712,"column":29}},"175":{"start":{"line":713,"column":30},"end":{"line":713,"column":31}},"176":{"start":{"line":714,"column":31},"end":{"line":714,"column":32}},"177":{"start":{"line":716,"column":12},"end":{"line":726,"column":15}},"178":{"start":{"line":717,"column":16},"end":{"line":717,"column":56}},"179":{"start":{"line":718,"column":16},"end":{"line":725,"column":19}},"180":{"start":{"line":719,"column":20},"end":{"line":724,"column":23}},"181":{"start":{"line":720,"column":24},"end":{"line":723,"column":25}},"182":{"start":{"line":721,"column":28},"end":{"line":721,"column":40}},"183":{"start":{"line":722,"column":28},"end":{"line":722,"column":78}},"184":{"start":{"line":728,"column":12},"end":{"line":733,"column":14}},"185":{"start":{"line":736,"column":37},"end":{"line":739,"column":10}},"186":{"start":{"line":741,"column":8},"end":{"line":743,"column":9}},"187":{"start":{"line":742,"column":12},"end":{"line":742,"column":71}},"188":{"start":{"line":745,"column":29},"end":{"line":747,"column":15}},"189":{"start":{"line":749,"column":8},"end":{"line":758,"column":10}},"190":{"start":{"line":765,"column":36},"end":{"line":769,"column":21}},"191":{"start":{"line":771,"column":8},"end":{"line":773,"column":9}},"192":{"start":{"line":772,"column":12},"end":{"line":772,"column":69}},"193":{"start":{"line":775,"column":25},"end":{"line":775,"column":69}},"194":{"start":{"line":777,"column":35},"end":{"line":789,"column":21}},"195":{"start":{"line":791,"column":8},"end":{"line":796,"column":9}},"196":{"start":{"line":792,"column":12},"end":{"line":795,"column":14}},"197":{"start":{"line":798,"column":24},"end":{"line":798,"column":42}},"198":{"start":{"line":799,"column":29},"end":{"line":799,"column":57}},"199":{"start":{"line":800,"column":28},"end":{"line":802,"column":66}},"200":{"start":{"line":801,"column":32},"end":{"line":801,"column":44}},"201":{"start":{"line":802,"column":38},"end":{"line":802,"column":65}},"202":{"start":{"line":804,"column":8},"end":{"line":809,"column":9}},"203":{"start":{"line":805,"column":12},"end":{"line":808,"column":14}},"204":{"start":{"line":811,"column":23},"end":{"line":813,"column":29}},"205":{"start":{"line":812,"column":12},"end":{"line":812,"column":65}},"206":{"start":{"line":815,"column":8},"end":{"line":825,"column":10}},"207":{"start":{"line":832,"column":21},"end":{"line":832,"column":41}},"208":{"start":{"line":833,"column":27},"end":{"line":833,"column":66}},"209":{"start":{"line":835,"column":34},"end":{"line":840,"column":52}},"210":{"start":{"line":842,"column":8},"end":{"line":844,"column":9}},"211":{"start":{"line":843,"column":12},"end":{"line":843,"column":69}},"212":{"start":{"line":846,"column":28},"end":{"line":846,"column":45}},"213":{"start":{"line":847,"column":27},"end":{"line":847,"column":61}},"214":{"start":{"line":848,"column":28},"end":{"line":848,"column":50}},"215":{"start":{"line":849,"column":26},"end":{"line":849,"column":47}},"216":{"start":{"line":850,"column":23},"end":{"line":850,"column":77}},"217":{"start":{"line":852,"column":8},"end":{"line":861,"column":10}},"218":{"start":{"line":872,"column":52},"end":{"line":872,"column":56}},"219":{"start":{"line":875,"column":22},"end":{"line":879,"column":32}},"220":{"start":{"line":882,"column":8},"end":{"line":884,"column":9}},"221":{"start":{"line":883,"column":12},"end":{"line":883,"column":71}},"222":{"start":{"line":887,"column":8},"end":{"line":889,"column":9}},"223":{"start":{"line":888,"column":12},"end":{"line":888,"column":69}},"224":{"start":{"line":892,"column":8},"end":{"line":894,"column":9}},"225":{"start":{"line":893,"column":12},"end":{"line":893,"column":98}},"226":{"start":{"line":896,"column":44},"end":{"line":896,"column":57}},"227":{"start":{"line":898,"column":8},"end":{"line":901,"column":9}},"228":{"start":{"line":899,"column":12},"end":{"line":899,"column":70}},"229":{"start":{"line":900,"column":12},"end":{"line":900,"column":83}},"230":{"start":{"line":903,"column":8},"end":{"line":921,"column":9}},"231":{"start":{"line":905,"column":44},"end":{"line":909,"column":36}},"232":{"start":{"line":911,"column":12},"end":{"line":920,"column":14}},"233":{"start":{"line":913,"column":64},"end":{"line":918,"column":18}},"234":{"start":{"line":923,"column":24},"end":{"line":929,"column":11}},"235":{"start":{"line":923,"column":52},"end":{"line":929,"column":10}},"236":{"start":{"line":931,"column":8},"end":{"line":936,"column":10}},"237":{"start":{"line":957,"column":12},"end":{"line":957,"column":16}},"238":{"start":{"line":959,"column":8},"end":{"line":1167,"column":9}},"239":{"start":{"line":960,"column":36},"end":{"line":960,"column":62}},"240":{"start":{"line":964,"column":12},"end":{"line":971,"column":13}},"241":{"start":{"line":965,"column":16},"end":{"line":965,"column":84}},"242":{"start":{"line":966,"column":16},"end":{"line":966,"column":139}},"243":{"start":{"line":966,"column":116},"end":{"line":966,"column":136}},"244":{"start":{"line":967,"column":16},"end":{"line":970,"column":18}},"245":{"start":{"line":973,"column":12},"end":{"line":973,"column":124}},"246":{"start":{"line":976,"column":12},"end":{"line":995,"column":13}},"247":{"start":{"line":977,"column":16},"end":{"line":994,"column":17}},"248":{"start":{"line":978,"column":53},"end":{"line":982,"column":35}},"249":{"start":{"line":984,"column":41},"end":{"line":984,"column":50}},"250":{"start":{"line":985,"column":20},"end":{"line":989,"column":23}},"251":{"start":{"line":986,"column":24},"end":{"line":988,"column":25}},"252":{"start":{"line":987,"column":28},"end":{"line":987,"column":94}},"253":{"start":{"line":987,"column":72},"end":{"line":987,"column":92}},"254":{"start":{"line":991,"column":20},"end":{"line":991,"column":127}},"255":{"start":{"line":993,"column":20},"end":{"line":993,"column":98}},"256":{"start":{"line":998,"column":12},"end":{"line":1030,"column":13}},"257":{"start":{"line":999,"column":16},"end":{"line":999,"column":65}},"258":{"start":{"line":1000,"column":16},"end":{"line":1000,"column":93}},"259":{"start":{"line":1003,"column":16},"end":{"line":1003,"column":114}},"260":{"start":{"line":1004,"column":33},"end":{"line":1014,"column":18}},"261":{"start":{"line":1016,"column":16},"end":{"line":1019,"column":17}},"262":{"start":{"line":1017,"column":38},"end":{"line":1017,"column":59}},"263":{"start":{"line":1018,"column":20},"end":{"line":1018,"column":108}},"264":{"start":{"line":1021,"column":38},"end":{"line":1021,"column":59}},"265":{"start":{"line":1022,"column":16},"end":{"line":1022,"column":60}},"266":{"start":{"line":1025,"column":16},"end":{"line":1028,"column":17}},"267":{"start":{"line":1026,"column":37},"end":{"line":1026,"column":71}},"268":{"start":{"line":1027,"column":20},"end":{"line":1027,"column":80}},"269":{"start":{"line":1027,"column":48},"end":{"line":1027,"column":80}},"270":{"start":{"line":1029,"column":16},"end":{"line":1029,"column":63}},"271":{"start":{"line":1033,"column":12},"end":{"line":1033,"column":132}},"272":{"start":{"line":1034,"column":45},"end":{"line":1041,"column":14}},"273":{"start":{"line":1043,"column":12},"end":{"line":1056,"column":13}},"274":{"start":{"line":1044,"column":16},"end":{"line":1044,"column":77}},"275":{"start":{"line":1045,"column":16},"end":{"line":1050,"column":19}},"276":{"start":{"line":1051,"column":16},"end":{"line":1055,"column":18}},"277":{"start":{"line":1059,"column":12},"end":{"line":1108,"column":13}},"278":{"start":{"line":1060,"column":16},"end":{"line":1060,"column":107}},"279":{"start":{"line":1061,"column":50},"end":{"line":1068,"column":18}},"280":{"start":{"line":1070,"column":16},"end":{"line":1104,"column":17}},"281":{"start":{"line":1072,"column":20},"end":{"line":1072,"column":112}},"282":{"start":{"line":1074,"column":39},"end":{"line":1078,"column":38}},"283":{"start":{"line":1081,"column":20},"end":{"line":1083,"column":21}},"284":{"start":{"line":1082,"column":24},"end":{"line":1082,"column":92}},"285":{"start":{"line":1086,"column":20},"end":{"line":1088,"column":21}},"286":{"start":{"line":1087,"column":24},"end":{"line":1087,"column":92}},"287":{"start":{"line":1090,"column":53},"end":{"line":1090,"column":90}},"288":{"start":{"line":1092,"column":20},"end":{"line":1097,"column":21}},"289":{"start":{"line":1093,"column":24},"end":{"line":1096,"column":66}},"290":{"start":{"line":1093,"column":107},"end":{"line":1096,"column":26}},"291":{"start":{"line":1099,"column":20},"end":{"line":1103,"column":22}},"292":{"start":{"line":1107,"column":16},"end":{"line":1107,"column":111}},"293":{"start":{"line":1110,"column":12},"end":{"line":1110,"column":99}},"294":{"start":{"line":1113,"column":12},"end":{"line":1113,"column":69}},"295":{"start":{"line":1114,"column":12},"end":{"line":1114,"column":101}},"296":{"start":{"line":1117,"column":12},"end":{"line":1159,"column":13}},"297":{"start":{"line":1118,"column":36},"end":{"line":1121,"column":34}},"298":{"start":{"line":1124,"column":16},"end":{"line":1126,"column":17}},"299":{"start":{"line":1125,"column":20},"end":{"line":1125,"column":90}},"300":{"start":{"line":1129,"column":16},"end":{"line":1131,"column":17}},"301":{"start":{"line":1130,"column":20},"end":{"line":1130,"column":90}},"302":{"start":{"line":1133,"column":50},"end":{"line":1133,"column":88}},"303":{"start":{"line":1135,"column":16},"end":{"line":1156,"column":17}},"304":{"start":{"line":1136,"column":20},"end":{"line":1136,"column":112}},"305":{"start":{"line":1137,"column":20},"end":{"line":1155,"column":22}},"306":{"start":{"line":1140,"column":67},"end":{"line":1152,"column":26}},"307":{"start":{"line":1158,"column":16},"end":{"line":1158,"column":96}},"308":{"start":{"line":1162,"column":12},"end":{"line":1166,"column":14}},"309":{"start":{"line":1174,"column":8},"end":{"line":1174,"column":95}},"310":{"start":{"line":1176,"column":26},"end":{"line":1188,"column":11}},"311":{"start":{"line":1176,"column":48},"end":{"line":1188,"column":10}},"312":{"start":{"line":1190,"column":8},"end":{"line":1200,"column":10}},"313":{"start":{"line":1225,"column":8},"end":{"line":1230,"column":9}},"314":{"start":{"line":1226,"column":12},"end":{"line":1229,"column":14}},"315":{"start":{"line":1233,"column":37},"end":{"line":1233,"column":39}},"316":{"start":{"line":1234,"column":40},"end":{"line":1234,"column":42}},"317":{"start":{"line":1236,"column":8},"end":{"line":1245,"column":9}},"318":{"start":{"line":1237,"column":12},"end":{"line":1244,"column":13}},"319":{"start":{"line":1238,"column":16},"end":{"line":1243,"column":17}},"320":{"start":{"line":1239,"column":20},"end":{"line":1239,"column":67}},"321":{"start":{"line":1240,"column":23},"end":{"line":1243,"column":17}},"322":{"start":{"line":1242,"column":20},"end":{"line":1242,"column":82}},"323":{"start":{"line":1247,"column":8},"end":{"line":1262,"column":9}},"324":{"start":{"line":1248,"column":31},"end":{"line":1248,"column":33}},"325":{"start":{"line":1249,"column":12},"end":{"line":1251,"column":13}},"326":{"start":{"line":1250,"column":16},"end":{"line":1250,"column":163}},"327":{"start":{"line":1252,"column":12},"end":{"line":1254,"column":13}},"328":{"start":{"line":1253,"column":16},"end":{"line":1253,"column":169}},"329":{"start":{"line":1256,"column":12},"end":{"line":1261,"column":14}},"330":{"start":{"line":1265,"column":8},"end":{"line":1287,"column":10}},"331":{"start":{"line":1272,"column":51},"end":{"line":1284,"column":18}},"332":{"start":{"line":1276,"column":73},"end":{"line":1283,"column":22}}},"fnMap":{"0":{"name":"(anonymous_0)","decl":{"start":{"line":247,"column":21},"end":{"line":247,"column":22}},"loc":{"start":{"line":247,"column":48},"end":{"line":257,"column":1}}},"1":{"name":"(anonymous_1)","decl":{"start":{"line":260,"column":27},"end":{"line":260,"column":28}},"loc":{"start":{"line":260,"column":74},"end":{"line":279,"column":1}}},"2":{"name":"(anonymous_2)","decl":{"start":{"line":283,"column":4},"end":{"line":283,"column":9}},"loc":{"start":{"line":283,"column":73},"end":{"line":309,"column":5}}},"3":{"name":"(anonymous_3)","decl":{"start":{"line":314,"column":4},"end":{"line":314,"column":9}},"loc":{"start":{"line":314,"column":66},"end":{"line":384,"column":5}}},"4":{"name":"(anonymous_4)","decl":{"start":{"line":348,"column":25},"end":{"line":348,"column":26}},"loc":{"start":{"line":348,"column":36},"end":{"line":364,"column":9}}},"5":{"name":"(anonymous_5)","decl":{"start":{"line":350,"column":41},"end":{"line":350,"column":42}},"loc":{"start":{"line":350,"column":53},"end":{"line":363,"column":13}}},"6":{"name":"(anonymous_6)","decl":{"start":{"line":351,"column":52},"end":{"line":351,"column":53}},"loc":{"start":{"line":351,"column":64},"end":{"line":351,"column":76}}},"7":{"name":"(anonymous_7)","decl":{"start":{"line":354,"column":36},"end":{"line":354,"column":37}},"loc":{"start":{"line":354,"column":47},"end":{"line":356,"column":17}}},"8":{"name":"(anonymous_8)","decl":{"start":{"line":360,"column":33},"end":{"line":360,"column":34}},"loc":{"start":{"line":360,"column":47},"end":{"line":362,"column":17}}},"9":{"name":"(anonymous_9)","decl":{"start":{"line":368,"column":18},"end":{"line":368,"column":19}},"loc":{"start":{"line":368,"column":28},"end":{"line":368,"column":39}}},"10":{"name":"(anonymous_10)","decl":{"start":{"line":370,"column":17},"end":{"line":370,"column":18}},"loc":{"start":{"line":370,"column":38},"end":{"line":370,"column":54}}},"11":{"name":"(anonymous_11)","decl":{"start":{"line":389,"column":4},"end":{"line":389,"column":9}},"loc":{"start":{"line":389,"column":69},"end":{"line":449,"column":5}}},"12":{"name":"(anonymous_12)","decl":{"start":{"line":415,"column":43},"end":{"line":415,"column":44}},"loc":{"start":{"line":416,"column":16},"end":{"line":418,"column":null}}},"13":{"name":"(anonymous_13)","decl":{"start":{"line":416,"column":42},"end":{"line":416,"column":43}},"loc":{"start":{"line":417,"column":20},"end":{"line":418,"column":120}}},"14":{"name":"(anonymous_14)","decl":{"start":{"line":418,"column":53},"end":{"line":418,"column":54}},"loc":{"start":{"line":418,"column":68},"end":{"line":418,"column":119}}},"15":{"name":"(anonymous_15)","decl":{"start":{"line":427,"column":61},"end":{"line":427,"column":62}},"loc":{"start":{"line":427,"column":74},"end":{"line":427,"column":91}}},"16":{"name":"(anonymous_16)","decl":{"start":{"line":431,"column":43},"end":{"line":431,"column":44}},"loc":{"start":{"line":431,"column":55},"end":{"line":437,"column":9}}},"17":{"name":"(anonymous_17)","decl":{"start":{"line":432,"column":48},"end":{"line":432,"column":49}},"loc":{"start":{"line":432,"column":60},"end":{"line":432,"column":72}}},"18":{"name":"(anonymous_18)","decl":{"start":{"line":434,"column":32},"end":{"line":434,"column":33}},"loc":{"start":{"line":434,"column":43},"end":{"line":436,"column":13}}},"19":{"name":"(anonymous_19)","decl":{"start":{"line":454,"column":4},"end":{"line":454,"column":9}},"loc":{"start":{"line":454,"column":125},"end":{"line":553,"column":5}}},"20":{"name":"(anonymous_20)","decl":{"start":{"line":496,"column":38},"end":{"line":496,"column":39}},"loc":{"start":{"line":496,"column":49},"end":{"line":513,"column":9}}},"21":{"name":"(anonymous_21)","decl":{"start":{"line":498,"column":57},"end":{"line":498,"column":58}},"loc":{"start":{"line":498,"column":69},"end":{"line":498,"column":81}}},"22":{"name":"(anonymous_22)","decl":{"start":{"line":502,"column":58},"end":{"line":502,"column":59}},"loc":{"start":{"line":502,"column":70},"end":{"line":502,"column":86}}},"23":{"name":"(anonymous_23)","decl":{"start":{"line":503,"column":51},"end":{"line":503,"column":52}},"loc":{"start":{"line":503,"column":76},"end":{"line":503,"column":118}}},"24":{"name":"(anonymous_24)","decl":{"start":{"line":504,"column":49},"end":{"line":504,"column":50}},"loc":{"start":{"line":504,"column":74},"end":{"line":504,"column":93}}},"25":{"name":"(anonymous_25)","decl":{"start":{"line":535,"column":49},"end":{"line":535,"column":50}},"loc":{"start":{"line":535,"column":61},"end":{"line":535,"column":73}}},"26":{"name":"(anonymous_26)","decl":{"start":{"line":536,"column":69},"end":{"line":536,"column":70}},"loc":{"start":{"line":536,"column":84},"end":{"line":536,"column":102}}},"27":{"name":"(anonymous_27)","decl":{"start":{"line":558,"column":4},"end":{"line":558,"column":9}},"loc":{"start":{"line":558,"column":97},"end":{"line":628,"column":5}}},"28":{"name":"(anonymous_28)","decl":{"start":{"line":600,"column":48},"end":{"line":600,"column":49}},"loc":{"start":{"line":600,"column":58},"end":{"line":600,"column":63}}},"29":{"name":"(anonymous_29)","decl":{"start":{"line":633,"column":4},"end":{"line":633,"column":9}},"loc":{"start":{"line":633,"column":75},"end":{"line":689,"column":5}}},"30":{"name":"(anonymous_30)","decl":{"start":{"line":655,"column":25},"end":{"line":655,"column":26}},"loc":{"start":{"line":655,"column":36},"end":{"line":667,"column":9}}},"31":{"name":"(anonymous_31)","decl":{"start":{"line":656,"column":41},"end":{"line":656,"column":42}},"loc":{"start":{"line":656,"column":53},"end":{"line":666,"column":13}}},"32":{"name":"(anonymous_32)","decl":{"start":{"line":657,"column":52},"end":{"line":657,"column":53}},"loc":{"start":{"line":657,"column":64},"end":{"line":657,"column":76}}},"33":{"name":"(anonymous_33)","decl":{"start":{"line":660,"column":33},"end":{"line":660,"column":34}},"loc":{"start":{"line":660,"column":47},"end":{"line":665,"column":17}}},"34":{"name":"(anonymous_34)","decl":{"start":{"line":670,"column":40},"end":{"line":670,"column":46}},"loc":{"start":{"line":670,"column":51},"end":{"line":675,"column":10}}},"35":{"name":"(anonymous_35)","decl":{"start":{"line":677,"column":42},"end":{"line":677,"column":43}},"loc":{"start":{"line":677,"column":47},"end":{"line":677,"column":71}}},"36":{"name":"(anonymous_36)","decl":{"start":{"line":677,"column":77},"end":{"line":677,"column":78}},"loc":{"start":{"line":677,"column":82},"end":{"line":677,"column":90}}},"37":{"name":"(anonymous_37)","decl":{"start":{"line":678,"column":42},"end":{"line":678,"column":43}},"loc":{"start":{"line":678,"column":52},"end":{"line":678,"column":67}}},"38":{"name":"(anonymous_38)","decl":{"start":{"line":683,"column":36},"end":{"line":683,"column":37}},"loc":{"start":{"line":683,"column":46},"end":{"line":683,"column":61}}},"39":{"name":"(anonymous_39)","decl":{"start":{"line":685,"column":42},"end":{"line":685,"column":43}},"loc":{"start":{"line":685,"column":47},"end":{"line":685,"column":55}}},"40":{"name":"(anonymous_40)","decl":{"start":{"line":694,"column":4},"end":{"line":694,"column":9}},"loc":{"start":{"line":694,"column":80},"end":{"line":759,"column":5}}},"41":{"name":"(anonymous_41)","decl":{"start":{"line":695,"column":33},"end":{"line":695,"column":38}},"loc":{"start":{"line":695,"column":58},"end":{"line":734,"column":9}}},"42":{"name":"(anonymous_42)","decl":{"start":{"line":716,"column":29},"end":{"line":716,"column":30}},"loc":{"start":{"line":716,"column":40},"end":{"line":726,"column":13}}},"43":{"name":"(anonymous_43)","decl":{"start":{"line":718,"column":45},"end":{"line":718,"column":46}},"loc":{"start":{"line":718,"column":57},"end":{"line":725,"column":17}}},"44":{"name":"(anonymous_44)","decl":{"start":{"line":719,"column":37},"end":{"line":719,"column":38}},"loc":{"start":{"line":719,"column":48},"end":{"line":724,"column":21}}},"45":{"name":"(anonymous_45)","decl":{"start":{"line":764,"column":4},"end":{"line":764,"column":9}},"loc":{"start":{"line":764,"column":66},"end":{"line":826,"column":5}}},"46":{"name":"(anonymous_46)","decl":{"start":{"line":801,"column":20},"end":{"line":801,"column":21}},"loc":{"start":{"line":801,"column":32},"end":{"line":801,"column":44}}},"47":{"name":"(anonymous_47)","decl":{"start":{"line":802,"column":18},"end":{"line":802,"column":19}},"loc":{"start":{"line":802,"column":38},"end":{"line":802,"column":65}}},"48":{"name":"(anonymous_48)","decl":{"start":{"line":811,"column":42},"end":{"line":811,"column":43}},"loc":{"start":{"line":812,"column":12},"end":{"line":812,"column":65}}},"49":{"name":"(anonymous_49)","decl":{"start":{"line":831,"column":4},"end":{"line":831,"column":9}},"loc":{"start":{"line":831,"column":100},"end":{"line":862,"column":5}}},"50":{"name":"(anonymous_50)","decl":{"start":{"line":867,"column":4},"end":{"line":867,"column":9}},"loc":{"start":{"line":871,"column":5},"end":{"line":937,"column":5}}},"51":{"name":"(anonymous_51)","decl":{"start":{"line":913,"column":51},"end":{"line":913,"column":52}},"loc":{"start":{"line":913,"column":64},"end":{"line":918,"column":18}}},"52":{"name":"(anonymous_52)","decl":{"start":{"line":923,"column":39},"end":{"line":923,"column":40}},"loc":{"start":{"line":923,"column":52},"end":{"line":929,"column":10}}},"53":{"name":"(anonymous_53)","decl":{"start":{"line":942,"column":4},"end":{"line":942,"column":9}},"loc":{"start":{"line":949,"column":5},"end":{"line":1168,"column":5}}},"54":{"name":"(anonymous_54)","decl":{"start":{"line":966,"column":111},"end":{"line":966,"column":112}},"loc":{"start":{"line":966,"column":116},"end":{"line":966,"column":136}}},"55":{"name":"(anonymous_55)","decl":{"start":{"line":985,"column":44},"end":{"line":985,"column":45}},"loc":{"start":{"line":985,"column":56},"end":{"line":989,"column":21}}},"56":{"name":"(anonymous_56)","decl":{"start":{"line":987,"column":56},"end":{"line":987,"column":57}},"loc":{"start":{"line":987,"column":72},"end":{"line":987,"column":92}}},"57":{"name":"(anonymous_57)","decl":{"start":{"line":1093,"column":93},"end":{"line":1093,"column":94}},"loc":{"start":{"line":1093,"column":107},"end":{"line":1096,"column":26}}},"58":{"name":"(anonymous_58)","decl":{"start":{"line":1140,"column":53},"end":{"line":1140,"column":54}},"loc":{"start":{"line":1140,"column":67},"end":{"line":1152,"column":26}}},"59":{"name":"(anonymous_59)","decl":{"start":{"line":1173,"column":4},"end":{"line":1173,"column":25}},"loc":{"start":{"line":1173,"column":125},"end":{"line":1201,"column":5}}},"60":{"name":"(anonymous_60)","decl":{"start":{"line":1176,"column":41},"end":{"line":1176,"column":43}},"loc":{"start":{"line":1176,"column":48},"end":{"line":1188,"column":10}}},"61":{"name":"(anonymous_61)","decl":{"start":{"line":1208,"column":4},"end":{"line":1208,"column":9}},"loc":{"start":{"line":1223,"column":5},"end":{"line":1288,"column":5}}},"62":{"name":"(anonymous_62)","decl":{"start":{"line":1272,"column":36},"end":{"line":1272,"column":37}},"loc":{"start":{"line":1272,"column":51},"end":{"line":1284,"column":18}}},"63":{"name":"(anonymous_63)","decl":{"start":{"line":1276,"column":57},"end":{"line":1276,"column":58}},"loc":{"start":{"line":1276,"column":73},"end":{"line":1283,"column":22}}}},"branchMap":{"0":{"loc":{"start":{"line":256,"column":11},"end":{"line":256,"column":28}},"type":"binary-expr","locations":[{"start":{"line":256,"column":11},"end":{"line":256,"column":22}},{"start":{"line":256,"column":26},"end":{"line":256,"column":28}}]},"1":{"loc":{"start":{"line":264,"column":4},"end":{"line":278,"column":5}},"type":"switch","locations":[{"start":{"line":265,"column":8},"end":{"line":266,"column":50}},{"start":{"line":267,"column":8},"end":{"line":271,"column":14}},{"start":{"line":272,"column":8},"end":{"line":273,"column":57}},{"start":{"line":274,"column":8},"end":{"line":275,"column":57}},{"start":{"line":276,"column":8},"end":{"line":277,"column":75}}]},"2":{"loc":{"start":{"line":284,"column":8},"end":{"line":308,"column":9}},"type":"switch","locations":[{"start":{"line":285,"column":12},"end":{"line":287,"column":58}},{"start":{"line":288,"column":12},"end":{"line":289,"column":53}},{"start":{"line":290,"column":12},"end":{"line":291,"column":76}},{"start":{"line":292,"column":12},"end":{"line":293,"column":78}},{"start":{"line":294,"column":12},"end":{"line":295,"column":131}},{"start":{"line":296,"column":12},"end":{"line":297,"column":105}},{"start":{"line":298,"column":12},"end":{"line":299,"column":85}},{"start":{"line":300,"column":12},"end":{"line":301,"column":88}},{"start":{"line":302,"column":12},"end":{"line":303,"column":76}},{"start":{"line":304,"column":12},"end":{"line":305,"column":107}},{"start":{"line":306,"column":12},"end":{"line":307,"column":69}}]},"3":{"loc":{"start":{"line":291,"column":60},"end":{"line":291,"column":74}},"type":"binary-expr","locations":[{"start":{"line":291,"column":60},"end":{"line":291,"column":69}},{"start":{"line":291,"column":73},"end":{"line":291,"column":74}}]},"4":{"loc":{"start":{"line":295,"column":76},"end":{"line":295,"column":103}},"type":"binary-expr","locations":[{"start":{"line":295,"column":76},"end":{"line":295,"column":87}},{"start":{"line":295,"column":91},"end":{"line":295,"column":103}}]},"5":{"loc":{"start":{"line":295,"column":105},"end":{"line":295,"column":129}},"type":"binary-expr","locations":[{"start":{"line":295,"column":105},"end":{"line":295,"column":116}},{"start":{"line":295,"column":120},"end":{"line":295,"column":129}}]},"6":{"loc":{"start":{"line":297,"column":79},"end":{"line":297,"column":103}},"type":"binary-expr","locations":[{"start":{"line":297,"column":79},"end":{"line":297,"column":90}},{"start":{"line":297,"column":94},"end":{"line":297,"column":103}}]},"7":{"loc":{"start":{"line":299,"column":59},"end":{"line":299,"column":83}},"type":"binary-expr","locations":[{"start":{"line":299,"column":59},"end":{"line":299,"column":70}},{"start":{"line":299,"column":74},"end":{"line":299,"column":83}}]},"8":{"loc":{"start":{"line":305,"column":56},"end":{"line":305,"column":79}},"type":"binary-expr","locations":[{"start":{"line":305,"column":56},"end":{"line":305,"column":67}},{"start":{"line":305,"column":71},"end":{"line":305,"column":79}}]},"9":{"loc":{"start":{"line":305,"column":81},"end":{"line":305,"column":105}},"type":"binary-expr","locations":[{"start":{"line":305,"column":81},"end":{"line":305,"column":92}},{"start":{"line":305,"column":96},"end":{"line":305,"column":105}}]},"10":{"loc":{"start":{"line":314,"column":50},"end":{"line":314,"column":66}},"type":"default-arg","locations":[{"start":{"line":314,"column":65},"end":{"line":314,"column":66}}]},"11":{"loc":{"start":{"line":334,"column":8},"end":{"line":340,"column":9}},"type":"if","locations":[{"start":{"line":334,"column":8},"end":{"line":340,"column":9}},{"start":{},"end":{}}]},"12":{"loc":{"start":{"line":334,"column":12},"end":{"line":334,"column":46}},"type":"binary-expr","locations":[{"start":{"line":334,"column":12},"end":{"line":334,"column":21}},{"start":{"line":334,"column":25},"end":{"line":334,"column":46}}]},"13":{"loc":{"start":{"line":349,"column":28},"end":{"line":349,"column":51}},"type":"binary-expr","locations":[{"start":{"line":349,"column":28},"end":{"line":349,"column":46}},{"start":{"line":349,"column":50},"end":{"line":349,"column":51}}]},"14":{"loc":{"start":{"line":351,"column":36},"end":{"line":351,"column":83}},"type":"binary-expr","locations":[{"start":{"line":351,"column":36},"end":{"line":351,"column":77}},{"start":{"line":351,"column":81},"end":{"line":351,"column":83}}]},"15":{"loc":{"start":{"line":355,"column":36},"end":{"line":355,
[...]
:476,"column":9}},"132":{"start":{"line":475,"column":12},"end":{"line":475,"column":62}},"133":{"start":{"line":479,"column":31},"end":{"line":482,"column":34}},"134":{"start":{"line":484,"column":8},"end":{"line":488,"column":9}},"135":{"start":{"line":485,"column":27},"end":{"line":485,"column":53}},"136":{"start":{"line":485,"column":48},"end":{"line":485,"column":52}},"137":{"start":{"line":486,"column":12},"end":{"line":486,"column":85}},"138":{"start":{"line":487,"column":12},"end":{"line":487,"column":76}},"139":{"start":{"line":490,"column":26},"end":{"line":493,"column":29}},"140":{"start":{"line":495,"column":8},"end":{"line":508,"column":9}},"141":{"start":{"line":497,"column":12},"end":{"line":506,"column":13}},"142":{"start":{"line":498,"column":16},"end":{"line":504,"column":39}},"143":{"start":{"line":505,"column":16},"end":{"line":505,"column":23}},"144":{"start":{"line":507,"column":12},"end":{"line":507,"column":24}}},"fnMap":{"0":{"name":"(anonymous_0)","decl":{"start":{"line":44,"column":4},"end":{"line":44,"column":9}},"loc":{"start":{"line":44,"column":38},"end":{"line":77,"column":5}}},"1":{"name":"(anonymous_1)","decl":{"start":{"line":68,"column":37},"end":{"line":68,"column":38}},"loc":{"start":{"line":68,"column":57},"end":{"line":68,"column":84}}},"2":{"name":"(anonymous_2)","decl":{"start":{"line":69,"column":40},"end":{"line":69,"column":41}},"loc":{"start":{"line":69,"column":53},"end":{"line":73,"column":13}}},"3":{"name":"(anonymous_3)","decl":{"start":{"line":71,"column":39},"end":{"line":71,"column":40}},"loc":{"start":{"line":71,"column":59},"end":{"line":71,"column":98}}},"4":{"name":"(anonymous_4)","decl":{"start":{"line":79,"column":4},"end":{"line":79,"column":9}},"loc":{"start":{"line":79,"column":36},"end":{"line":111,"column":5}}},"5":{"name":"(anonymous_5)","decl":{"start":{"line":102,"column":36},"end":{"line":102,"column":37}},"loc":{"start":{"line":102,"column":56},"end":{"line":102,"column":83}}},"6":{"name":"(anonymous_6)","decl":{"start":{"line":103,"column":39},"end":{"line":103,"column":40}},"loc":{"start":{"line":103,"column":52},"end":{"line":107,"column":13}}},"7":{"name":"(anonymous_7)","decl":{"start":{"line":105,"column":39},"end":{"line":105,"column":40}},"loc":{"start":{"line":105,"column":59},"end":{"line":105,"column":98}}},"8":{"name":"(anonymous_8)","decl":{"start":{"line":113,"column":4},"end":{"line":113,"column":9}},"loc":{"start":{"line":113,"column":118},"end":{"line":135,"column":5}}},"9":{"name":"(anonymous_9)","decl":{"start":{"line":137,"column":4},"end":{"line":137,"column":9}},"loc":{"start":{"line":137,"column":132},"end":{"line":198,"column":5}}},"10":{"name":"(anonymous_10)","decl":{"start":{"line":177,"column":60},"end":{"line":177,"column":62}},"loc":{"start":{"line":177,"column":67},"end":{"line":187,"column":18}}},"11":{"name":"(anonymous_11)","decl":{"start":{"line":200,"column":4},"end":{"line":200,"column":9}},"loc":{"start":{"line":200,"column":60},"end":{"line":298,"column":5}}},"12":{"name":"(anonymous_12)","decl":{"start":{"line":222,"column":56},"end":{"line":222,"column":57}},"loc":{"start":{"line":222,"column":61},"end":{"line":222,"column":73}}},"13":{"name":"(anonymous_13)","decl":{"start":{"line":226,"column":53},"end":{"line":226,"column":54}},"loc":{"start":{"line":226,"column":65},"end":{"line":226,"column":97}}},"14":{"name":"(anonymous_14)","decl":{"start":{"line":228,"column":84},"end":{"line":228,"column":85}},"loc":{"start":{"line":228,"column":96},"end":{"line":228,"column":100}}},"15":{"name":"(anonymous_15)","decl":{"start":{"line":234,"column":51},"end":{"line":234,"column":52}},"loc":{"start":{"line":234,"column":63},"end":{"line":234,"column":94}}},"16":{"name":"(anonymous_16)","decl":{"start":{"line":279,"column":60},"end":{"line":279,"column":62}},"loc":{"start":{"line":279,"column":67},"end":{"line":289,"column":18}}},"17":{"name":"(anonymous_17)","decl":{"start":{"line":299,"column":4},"end":{"line":299,"column":9}},"loc":{"start":{"line":299,"column":34},"end":{"line":320,"column":5}}},"18":{"name":"(anonymous_18)","decl":{"start":{"line":316,"column":42},"end":{"line":316,"column":43}},"loc":{"start":{"line":316,"column":62},"end":{"line":316,"column":101}}},"19":{"name":"(anonymous_19)","decl":{"start":{"line":321,"column":4},"end":{"line":321,"column":9}},"loc":{"start":{"line":321,"column":35},"end":{"line":342,"column":5}}},"20":{"name":"(anonymous_20)","decl":{"start":{"line":343,"column":4},"end":{"line":343,"column":9}},"loc":{"start":{"line":343,"column":68},"end":{"line":365,"column":5}}},"21":{"name":"(anonymous_21)","decl":{"start":{"line":348,"column":39},"end":{"line":348,"column":40}},"loc":{"start":{"line":348,"column":53},"end":{"line":358,"column":10}}},"22":{"name":"(anonymous_22)","decl":{"start":{"line":366,"column":4},"end":{"line":366,"column":9}},"loc":{"start":{"line":366,"column":25},"end":{"line":374,"column":5}}},"23":{"name":"(anonymous_23)","decl":{"start":{"line":380,"column":4},"end":{"line":380,"column":9}},"loc":{"start":{"line":380,"column":41},"end":{"line":417,"column":5}}},"24":{"name":"(anonymous_24)","decl":{"start":{"line":406,"column":36},"end":{"line":406,"column":37}},"loc":{"start":{"line":406,"column":52},"end":{"line":412,"column":14}}},"25":{"name":"(anonymous_25)","decl":{"start":{"line":409,"column":51},"end":{"line":409,"column":52}},"loc":{"start":{"line":410,"column":20},"end":{"line":410,"column":54}}},"26":{"name":"(anonymous_26)","decl":{"start":{"line":422,"column":4},"end":{"line":422,"column":9}},"loc":{"start":{"line":422,"column":106},"end":{"line":434,"column":5}}},"27":{"name":"(anonymous_27)","decl":{"start":{"line":440,"column":4},"end":{"line":440,"column":9}},"loc":{"start":{"line":440,"column":52},"end":{"line":456,"column":5}}},"28":{"name":"(anonymous_28)","decl":{"start":{"line":462,"column":4},"end":{"line":462,"column":9}},"loc":{"start":{"line":462,"column":43},"end":{"line":509,"column":5}}},"29":{"name":"(anonymous_29)","decl":{"start":{"line":485,"column":36},"end":{"line":485,"column":37}},"loc":{"start":{"line":485,"column":48},"end":{"line":485,"column":52}}}},"branchMap":{"0":{"loc":{"start":{"line":61,"column":8},"end":{"line":65,"column":9}},"type":"if","locations":[{"start":{"line":61,"column":8},"end":{"line":65,"column":9}},{"start":{},"end":{}}]},"1":{"loc":{"start":{"line":62,"column":12},"end":{"line":62,"column":55}},"type":"if","locations":[{"start":{"line":62,"column":12},"end":{"line":62,"column":55}},{"start":{},"end":{}}]},"2":{"loc":{"start":{"line":67,"column":8},"end":{"line":74,"column":9}},"type":"if","locations":[{"start":{"line":67,"column":8},"end":{"line":74,"column":9}},{"start":{},"end":{}}]},"3":{"loc":{"start":{"line":67,"column":12},"end":{"line":67,"column":40}},"type":"binary-expr","locations":[{"start":{"line":67,"column":12},"end":{"line":67,"column":17}},{"start":{"line":67,"column":22},"end":{"line":67,"column":40}}]},"4":{"loc":{"start":{"line":70,"column":16},"end":{"line":72,"column":17}},"type":"if","locations":[{"start":{"line":70,"column":16},"end":{"line":72,"column":17}},{"start":{},"end":{}}]},"5":{"loc":{"start":{"line":95,"column":8},"end":{"line":99,"column":9}},"type":"if","locations":[{"start":{"line":95,"column":8},"end":{"line":99,"column":9}},{"start":{},"end":{}}]},"6":{"loc":{"start":{"line":96,"column":12},"end":{"line":96,"column":55}},"type":"if","locations":[{"start":{"line":96,"column":12},"end":{"line":96,"column":55}},{"start":{},"end":{}}]},"7":{"loc":{"start":{"line":101,"column":8},"end":{"line":108,"column":9}},"type":"if","locations":[{"start":{"line":101,"column":8},"end":{"line":108,"column":9}},{"start":{},"end":{}}]},"8":{"loc":{"start":{"line":101,"column":12},"end":{"line":101,"column":38}},"type":"binary-expr","locations":[{"start":{"line":101,"column":12},"end":{"line":101,"column":16}},{"start":{"line":101,"column":21},"end":{"line":101,"column":38}}]},"9":{"loc":{"start":{"line":104,"column":16},"end":{"line":106,"column":17}},"type":"if","locations":[{"start":{"line":104,"column":16},"end":{"line":106,"column":17}},{"start":{},"end":{}}]},"10":{"loc":{"start":{"line":113,"column":48},"end":{"line":113,"column":118}},"type":"default-arg","locations":[{"start":{"line":113,"column":108},"end":{"line":113,"column":118}}]},"11":{"loc":{"start":{"line":128,"column":8},"end":{"line":134,"column":9}},"type":"if","locations":[{"start":{"line":128,"column":8},"end":{"line":134,"column":9}},{"start":{},"end":{}}]},"12":{"loc":{"start":{"line":137,"column":62},"end":{"line":137,"column":132}},"type":"default-arg","locations":[{"start":{"line":137,"column":122},"end":{"line":137,"column":132}}]},"13":{"loc":{"start":{"line":156,"column":8},"end":{"line":156,"column":39}},"type":"if","locations":[{"start":{"line":156,"column":8},"end":{"line":156,"column":39}},{"start":{},"end":{}}]},"14":{"loc":{"start":{"line":157,"column":8},"end":{"line":157,"column":63}},"type":"if","locations":[{"start":{"line":157,"column":8},"end":{"line":157,"column":63}},{"start":{},"end":{}}]},"15":{"loc":{"start":{"line":173,"column":12},"end":{"line":173,"column":41}},"type":"if","locations":[{"start":{"line":173,"column":12},"end":{"line":173,"column":41}},{"start":{},"end":{}}]},"16":{"loc":{"start":{"line":174,"column":12},"end":{"line":174,"column":65}},"type":"if","locations":[{"start":{"line":174,"column":12},"end":{"line":174,"column":65}},{"start":{},"end":{}}]},"17":{"loc":{"start":{"line":176,"column":12},"end":{"line":194,"column":13}},"type":"if","locations":[{"start":{"line":176,"column":12},"end":{"line":194,"column":13}},{"start":{},"end":{}}]},"18":{"loc":{"start":{"line":176,"column":16},"end":{"line":176,"column":57}},"type":"binary-expr","locations":[{"start":{"line":176,"column":16},"end":{"line":176,"column":29}},{"start":{"line":176,"column":33},"end":{"line":176,"column":57}}]},"19":{"loc":{"start":{"line":193,"column":16},"end":{"line":193,"column":43}},"type":"if","locations":[{"start":{"line":193,"column":16},"end":{"line":193,"column":43}},{"start":{},"end":{}}]},"20":{"loc":{"start":{"line":211,"column":8},"end":{"line":211,"column":39}},"type":"if","locations":[{"start":{"line":211,"column":8},"end":{"line":211,"column":39}},{"start":{},"end":{}}]},"21":{"loc":{"start":{"line":219,"column":8},"end":{"line":219,"column":41}},"type":"if","locations":[{"start":{"line":219,"column":8},"end":{"line":219,"column":41}},{"start":{},"end":{}}]},"22":{"loc":{"start":{"line":225,"column":8},"end":{"line":230,"column":9}},"type":"if","locations":[{"start":{"line":225,"column":8},"end":{"line":230,"column":9}},{"start":{},"end":{}}]},"23":{"loc":{"start":{"line":227,"column":12},"end":{"line":229,"column":13}},"type":"if","locations":[{"start":{"line":227,"column":12},"end":{"line":229,"column":13}},{"start":{},"end":{}}]},"24":{"loc":{"start":{"line":238,"column":12},"end":{"line":264,"column":13}},"type":"if","locations":[{"start":{"line":238,"column":12},"end":{"line":264,"column":13}},{"start":{"line":248,"column":19},"end":{"line":264,"column":13}}]},"25":{"loc":{"start":{"line":262,"column":16},"end":{"line":262,"column":51}},"type":"if","locations":[{"start":{"line":262,"column":16},"end":{"line":262,"column":51}},{"start":{},"end":{}}]},"26":{"loc":{"start":{"line":278,"column":12},"end":{"line":296,"column":13}},"type":"if","locations":[{"start":{"line":278,"column":12},"end":{"line":296,"column":13}},{"start":{},"end":{}}]},"27":{"loc":{"start":{"line":278,"column":16},"end":{"line":278,"column":57}},"type":"binary-expr","locations":[{"start":{"line":278,"column":16},"end":{"line":278,"column":29}},{"start":{"line":278,"column":33},"end":{"line":278,"column":57}}]},"28":{"loc":{"start":{"line":295,"column":16},"end":{"line":295,"column":43}},"type":"if","locations":[{"start":{"line":295,"column":16},"end":{"line":295,"column":43}},{"start":{},"end":{}}]},"29":{"loc":{"start":{"line":312,"column":8},"end":{"line":312,"column":31}},"type":"if","locations":[{"start":{"line":312,"column":8},"end":{"line":312,"column":31}},{"start":{},"end":{}}]},"30":{"loc":{"start":{"line":315,"column":8},"end":{"line":317,"column":9}},"type":"if","locations":[{"start":{"line":315,"column":8},"end":{"line":317,"column":9}},{"start":{},"end":{}}]},"31":{"loc":{"start":{"line":315,"column":12},"end":{"line":315,"column":44}},"type":"binary-expr","locations":[{"start":{"line":315,"column":12},"end":{"line":315,"column":16}},{"start":{"line":315,"column":21},"end":{"line":315,"column":44}}]},"32":{"loc":{"start":{"line":329,"column":8},"end":{"line":341,"column":9}},"type":"if","locations":[{"start":{"line":329,"column":8},"end":{"line":341,"column":9}},{"start":{},"end":{}}]},"33":{"loc":{"start":{"line":331,"column":12},"end":{"line":339,"column":13}},"type":"if","locations":[{"start":{"line":331,"column":12},"end":{"line":339,"column":13}},{"start":{},"end":{}}]},"34":{"loc":{"start":{"line":337,"column":16},"end":{"line":337,"column":51}},"type":"if","locations":[{"start":{"line":337,"column":16},"end":{"line":337,"column":51}},{"start":{},"end":{}}]},"35":{"loc":{"start":{"line":353,"column":29},"end":{"line":353,"column":61}},"type":"binary-expr","locations":[{"start":{"line":353,"column":29},"end":{"line":353,"column":55}},{"start":{"line":353,"column":59},"end":{"line":353,"column":61}}]},"36":{"loc":{"start":{"line":364,"column":8},"end":{"line":364,"column":31}},"type":"if","locations":[{"start":{"line":364,"column":8},"end":{"line":364,"column":31}},{"start":{},"end":{}}]},"37":{"loc":{"start":{"line":372,"column":8},"end":{"line":372,"column":31}},"type":"if","locations":[{"start":{"line":372,"column":8},"end":{"line":372,"column":31}},{"start":{},"end":{}}]},"38":{"loc":{"start":{"line":395,"column":12},"end":{"line":403,"column":13}},"type":"if","locations":[{"start":{"line":395,"column":12},"end":{"line":403,"column":13}},{"start":{},"end":{}}]},"39":{"loc":{"start":{"line":397,"column":16},"end":{"line":400,"column":17}},"type":"if","locations":[{"start":{"line":397,"column":16},"end":{"line":400,"column":17}},{"start":{},"end":{}}]},"40":{"loc":{"start":{"line":406,"column":20},"end":{"line":406,"column":30}},"type":"binary-expr","locations":[{"start":{"line":406,"column":20},"end":{"line":406,"column":24}},{"start":{"line":406,"column":28},"end":{"line":406,"column":30}}]},"41":{"loc":{"start":{"line":408,"column":28},"end":{"line":408,"column":50}},"type":"binary-expr","locations":[{"start":{"line":408,"column":28},"end":{"line":408,"column":45}},{"start":{"line":408,"column":49},"end":{"line":408,"column":50}}]},"42":{"loc":{"start":{"line":409,"column":33},"end":{"line":410,"column":63}},"type":"binary-expr","locations":[{"start":{"line":409,"column":33},"end":{"line":410,"column":58}},{"start":{"line":410,"column":62},"end":{"line":410,"column":63}}]},"43":{"loc":{"start":{"line":410,"column":27},"end":{"line":410,"column":53}},"type":"binary-expr","locations":[{"start":{"line":410,"column":27},"end":{"line":410,"column":48}},{"start":{"line":410,"column":52},"end":{"line":410,"column":53}}]},"44":{"loc":{"start":{"line":422,"column":38},"end":{"line":422,"column":106}},"type":"default-arg","locations":[{"start":{"line":422,"column":91},"end":{"line":422,"column":106}}]},"45":{"loc":{"start":{"line":433,"column":8},"end":{"line":433,"column":31}},"type":"if","locations":[{"start":{"line":433,"column":8},"end":{"line":433,"column":31}},{"start":{},"end":{}}]},"46":{"loc":{"start":{"line":455,"column":8},"end":{"line":455,"column":31}},"type":"if","locations":[{"start":{"line":455,"column":8},"end":{"line":455,"column":31}},{"start":{},"end":{}}]},"47":{"loc":{"start":{"line":470,"column":8},"end":{"line":472,"column":9}},"type":"if","locations":[{"start":{"line":470,"column":8},"end":{"line":472,"column":9}},{"start":{},"end":{}}]},"48":{"loc":{"start":{"line":470,"column":12},"end":{"line":470,"column":31}},"type":"binary-expr","locations":[{"start":{"line":470,"column":12},"end":{"line":470,"column":22}},{"start":{"line":470,"column":26},"end":{"line":470,"column":31}}]},"49":{"loc":{"start":{"line":474,"column":8},"end":{"line":476,"column":9}},"type":"if","locations":[{"start":{"line":474,"column":8},"end":{"line":476,"column":9}},{"start":{},"end":{}}]},"50":{"loc":{"start":{"line":484,"column":8},"end":{"line":488,"column":9}},"type":"if","locations":[{"start":{"line":484,"column":8},"end":{"line":488,"column":9}},{"start":{},"end":{}}]},"51":{"loc":{"start":{"line":484,"column":12},"end":{"line":484,"column":35}},"type":"binary-expr","locations":[{"start":{"line":484,"column":12},"end":{"line":484,"column":16}},{"start":{"line":484,"column":20},"end":{"line":484,"column":35}}]},"52":{"loc":{"start":{"line":495,"column":8},"end":{"line":508,"column":9}},"type":"if","locations":[{"start":{"line":495,"column":8},"end":{"line":508,"column":9}},{"start":{},"end":{}}]},"53":{"loc":{"start":{"line":497,"column":12},"end":{"line":506,"column":13}},"type":"if","locations":[{"start":{"line":497,"column":12},"end":{"line":506,"column":13}},{"start":{},"end":{}}]}},"s":{"0":0,"1":0,"2":0,"3":0,"4":0,"5":0,"6":0,"7":0,"8":0,"9":0,"10":0,"11":0,"12":0,"13":0,"14":0,"15":0,"16":0,"17":0,"18":0,"19":0,"20":0,"21":0,"22":0,"23":0,"24":0,"25":0,"26":0,"27":0,"28":0,"29":0,"30":0,"31":0,"32":0,"33":0,"34":0,"35":0,"36":0,"37":0,"38":0,"39":0,"40":0,"41":0,"42":0,"43":0,"44":0,"45":0,"46":0,"47":0,"48":0,"49":0,"50":0,"51":0,"52":0,"53":0,"54":0,"55":0,"56":0,"57":0,"58":0,"59":0,"60":0,"61":0,"62":0,"63":0,"64":0,"65":0,"66":0,"67":0,"68":0,"69":0,"70":0,"71":0,"72":0,"73":0,"74":0,"75":0,"76":0,"77":0,"78":0,"79":0,"80":0,"81":0,"82":0,"83":0,"84":0,"85":0,"86":0,"87":0,"88":0,"89":0,"90":0,"91":0,"92":0,"93":0,"94":0,"95":0,"96":0,"97":0,"98":0,"99":0,"100":0,"101":0,"102":0,"103":0,"104":0,"105":0,"106":0,"107":0,"108":0,"109":0,"110":0,"111":0,"112":0,"113":0,"114":0,"115":0,"116":0,"117":0,"118":0,"119":0,"120":0,"121":0,"122":0,"123":0,"124":0,"125":0,"126":0,"127":0,"128":0,"129":0,"130":0,"131":0,"132":0,"133":0,"134":0,"135":0,"136":0,"137":0,"138":0,"139":0,"140":0,"141":0,"142":0,"143":0,"144":0},"f":{"0":0,"1":0,"2":0,"3":0,"4":0,"5":0,"6":0,"7":0,"8":0,"9":0,"10":0,"11":0,"12":0,"13":0,"14":0,"15":0,"16":0,"17":0,"18":0,"19":0,"20":0,"21":0,"22":0,"23":0,"24":0,"25":0,"26":0,"27":0,"28":0,"29":0},"b":{"0":[0,0],"1":[0,0],"2":[0,0],"3":[0,0],"4":[0,0],"5":[0,0],"6":[0,0],"7":[0,0],"8":[0,0],"9":[0,0],"10":[0],"11":[0,0],"12":[0],"13":[0,0],"14":[0,0],"15":[0,0],"16":[0,0],"17":[0,0],"18":[0,0],"19":[0,0],"20":[0,0],"21":[0,0],"22":[0,0],"23":[0,0],"24":[0,0],"25":[0,0],"26":[0,0],"27":[0,0],"28":[0,0],"29":[0,0],"30":[0,0],"31":[0,0],"32":[0,0],"33":[0,0],"34":[0,0],"35":[0,0],"36":[0,0],"37":[0,0],"38":[0,0],"39":[0,0],"40":[0,0],"41":[0,0],"42":[0,0],"43":[0,0],"44":[0],"45":[0,0],"46":[0,0],"47":[0,0],"48":[0,0],"49":[0,0],"50":[0,0],"51":[0,0],"52":[0,0],"53":[0,0]}}
,"/Users/maximilianHPE/Documents/fitness/src/services/profile.service.ts": {"path":"/Users/maximilianHPE/Documents/fitness/src/services/profile.service.ts","statementMap":{"0":{"start":{"line":2,"column":0},"end":{"line":2,"column":41}},"1":{"start":{"line":4,"column":13},"end":{"line":22,"column":null}},"2":{"start":{"line":6,"column":32},"end":{"line":10,"column":21}},"3":{"start":{"line":11,"column":8},"end":{"line":11,"column":null}},"4":{"start":{"line":15,"column":32},"end":{"line":19,"column":21}},"5":{"start":{"line":20,"column":8},"end":{"line":20,"column":null}}},"fnMap":{"0":{"name":"(anonymous_0)","decl":{"start":{"line":5,"column":4},"end":{"line":5,"column":9}},"loc":{"start":{"line":5,"column":35},"end":{"line":12,"column":5}}},"1":{"name":"(anonymous_1)","decl":{"start":{"line":14,"column":4},"end":{"line":14,"column":9}},"loc":{"start":{"line":14,"column":65},"end":{"line":21,"column":5}}}},"branchMap":{},"s":{"0":0,"1":0,"2":0,"3":0,"4":0,"5":0},"f":{"0":0,"1":0},"b":{}}
}
