TN:
SF:src/constants/theme.ts
FNF:0
FNH:0
DA:6,0
DA:8,0
DA:9,0
DA:11,0
DA:30,0
LF:5
LH:0
BRF:0
BRH:0
end_of_record
TN:
SF:src/hooks/use-color-scheme.ts
FN:1,(anonymous_0)
FNF:1
FNH:0
FNDA:0,(anonymous_0)
DA:1,0
LF:1
LH:0
BRF:0
BRH:0
end_of_record
TN:
SF:src/hooks/use-color-scheme.web.ts
FN:7,useColorScheme
FN:10,(anonymous_1)
FNF:2
FNH:0
FNDA:0,useColorScheme
FNDA:0,(anonymous_1)
DA:1,0
DA:2,0
DA:7,0
DA:8,0
DA:10,0
DA:11,0
DA:14,0
DA:16,0
DA:17,0
DA:20,0
LF:10
LH:0
BRDA:16,0,0,0
BRDA:16,0,1,0
BRF:2
BRH:0
end_of_record
TN:
SF:src/hooks/use-theme-color.ts
FN:9,useThemeColor
FNF:1
FNH:0
FNDA:0,useThemeColor
DA:6,0
DA:7,0
DA:9,0
DA:13,0
DA:14,0
DA:16,0
DA:17,0
DA:19,0
LF:8
LH:0
BRDA:13,0,0,0
BRDA:13,0,1,0
BRDA:16,1,0,0
BRDA:16,1,1,0
BRF:4
BRH:0
end_of_record
TN:
SF:src/hooks/useAuth.ts
FN:4,useAuth
FNF:1
FNH:0
FNDA:0,useAuth
DA:1,0
DA:2,0
DA:4,0
DA:5,0
DA:7,0
LF:5
LH:0
BRF:0
BRH:0
end_of_record
TN:
SF:src/lib/exercisedb.ts
FN:6,(anonymous_0)
FN:39,searchExercises
FN:54,getExerciseDetail
FN:69,getExercisesByBodyPart
FNF:4
FNH:0
FNDA:0,(anonymous_0)
FNDA:0,searchExercises
FNDA:0,getExerciseDetail
FNDA:0,getExercisesByBodyPart
DA:4,0
DA:6,0
DA:39,0
DA:40,0
DA:44,0
DA:45,0
DA:48,0
DA:54,0
DA:55,0
DA:59,0
DA:60,0
DA:63,0
DA:69,0
DA:70,0
DA:74,0
DA:75,0
DA:78,0
LF:17
LH:0
BRDA:7,0,0,0
BRDA:7,0,1,0
BRDA:8,1,0,0
BRDA:8,1,1,0
BRDA:44,2,0,0
BRDA:44,2,1,0
BRDA:59,3,0,0
BRDA:59,3,1,0
BRDA:74,4,0,0
BRDA:74,4,1,0
BRF:10
BRH:0
end_of_record
TN:
SF:src/lib/gemini.ts
FN:37,generateGeminiContent
FN:87,generateGeminiContentWithTools
FN:134,(anonymous_2)
FN:146,(anonymous_3)
FNF:4
FNH:0
FNDA:0,generateGeminiContent
FNDA:0,generateGeminiContentWithTools
FNDA:0,(anonymous_2)
FNDA:0,(anonymous_3)
DA:1,2
DA:2,2
DA:37,2
DA:42,0
DA:43,0
DA:46,0
DA:50,0
DA:51,0
DA:56,0
DA:57,0
DA:60,0
DA:61,0
DA:64,0
DA:72,0
DA:73,0
DA:74,0
DA:75,0
DA:78,0
DA:79,0
DA:80,0
DA:87,2
DA:92,0
DA:93,0
DA:96,0
DA:100,0
DA:101,0
DA:106,0
DA:107,0
DA:110,0
DA:111,0
DA:114,0
DA:122,0
DA:123,0
DA:124,0
DA:125,0
DA:128,0
DA:129,0
DA:130,0
DA:131,0
DA:134,0
DA:135,0
DA:136,0
DA:146,0
DA:147,0
LF:44
LH:4
BRDA:42,0,0,0
BRDA:42,0,1,0
BRDA:50,1,0,0
BRDA:50,1,1,0
BRDA:56,2,0,0
BRDA:56,2,1,0
BRDA:60,3,0,0
BRDA:60,3,1,0
BRDA:72,4,0,0
BRDA:72,4,1,0
BRDA:75,5,0,0
BRDA:75,5,1,0
BRDA:80,6,0,0
BRDA:80,6,1,0
BRDA:92,7,0,0
BRDA:92,7,1,0
BRDA:100,8,0,0
BRDA:100,8,1,0
BRDA:106,9,0,0
BRDA:106,9,1,0
BRDA:110,10,0,0
BRDA:110,10,1,0
BRDA:122,11,0,0
BRDA:122,11,1,0
BRDA:125,12,0,0
BRDA:125,12,1,0
BRDA:135,13,0,0
BRDA:135,13,1,0
BRDA:139,14,0,0
BRDA:139,14,1,0
BRDA:148,15,0,0
BRDA:148,15,1,0
BRF:32
BRH:0
end_of_record
TN:
SF:src/lib/openai.ts
FN:47,convertToOpenAIMessages
FN:68,(anonymous_1)
FN:88,(anonymous_2)
FN:99,(anonymous_3)
FN:112,convertToOpenAITools
FN:117,(anonymous_5)
FN:131,generateOpenAIContentWithTools
FN:240,generateOpenAIContent
FNF:8
FNH:0
FNDA:0,convertToOpenAIMessages
FNDA:0,(anonymous_1)
FNDA:0,(anonymous_2)
FNDA:0,(anonymous_3)
FNDA:0,convertToOpenAITools
FNDA:0,(anonymous_5)
FNDA:0,generateOpenAIContentWithTools
FNDA:0,generateOpenAIContent
DA:8,2
DA:9,2
DA:51,0
DA:54,0
DA:55,0
DA:62,0
DA:63,0
DA:66,0
DA:68,0
DA:69,0
DA:70,0
DA:71,0
DA:72,0
DA:84,0
DA:88,0
DA:89,0
DA:90,0
DA:95,0
DA:99,0
DA:100,0
DA:101,0
DA:108,0
DA:113,0
DA:114,0
DA:117,0
DA:131,2
DA:136,0
DA:137,0
DA:138,0
DA:141,0
DA:142,0
DA:144,0
DA:152,0
DA:153,0
DA:154,0
DA:157,0
DA:158,0
DA:160,0
DA:169,0
DA:170,0
DA:171,0
DA:172,0
DA:175,0
DA:176,0
DA:177,0
DA:178,0
DA:182,0
DA:183,0
DA:185,0
DA:190,0
DA:193,0
DA:194,0
DA:195,0
DA:198,0
DA:199,0
DA:200,0
DA:201,0
DA:202,0
DA:210,0
DA:219,0
DA:231,0
DA:240,2
DA:244,0
DA:245,0
LF:64
LH:4
BRDA:54,0,0,0
BRDA:54,0,1,0
BRDA:69,1,0,0
BRDA:69,1,1,0
BRDA:89,2,0,0
BRDA:89,2,1,0
BRDA:100,3,0,0
BRDA:100,3,1,0
BRDA:102,4,0,0
BRDA:102,4,1,0
BRDA:113,5,0,0
BRDA:113,5,1,0
BRDA:136,6,0,0
BRDA:136,6,1,0
BRDA:152,7,0,0
BRDA:152,7,1,0
BRDA:152,8,0,0
BRDA:152,8,1,0
BRDA:157,9,0,0
BRDA:157,9,1,0
BRDA:158,10,0,0
BRDA:158,10,1,0
BRDA:169,11,0,0
BRDA:169,11,1,0
BRDA:172,12,0,0
BRDA:172,12,1,0
BRDA:176,13,0,0
BRDA:176,13,1,0
BRDA:176,14,0,0
BRDA:176,14,1,0
BRDA:198,15,0,0
BRDA:198,15,1,0
BRDA:198,16,0,0
BRDA:198,16,1,0
BRDA:201,17,0,0
BRDA:201,17,1,0
BRDA:214,18,0,0
BRDA:214,18,1,0
BRDA:232,19,0,0
BRDA:232,19,1,0
BRDA:245,20,0,0
BRDA:245,20,1,0
BRF:42
BRH:0
end_of_record
TN:
SF:src/lib/supabase.ts
FN:16,(anonymous_1)
FN:22,(anonymous_2)
FN:28,(anonymous_3)
FN:46,(anonymous_4)
FNF:4
FNH:0
FNDA:0,(anonymous_1)
FNDA:0,(anonymous_2)
FNDA:0,(anonymous_3)
FNDA:0,(anonymous_4)
DA:1,0
DA:2,0
DA:3,0
DA:4,0
DA:6,0
DA:7,0
DA:9,0
DA:10,0
DA:15,0
DA:17,0
DA:18,0
DA:20,0
DA:23,0
DA:24,0
DA:26,0
DA:29,0
DA:30,0
DA:32,0
DA:36,0
DA:46,0
DA:47,0
DA:48,0
DA:50,0
LF:23
LH:0
BRDA:6,0,0,0
BRDA:6,0,1,0
BRDA:7,1,0,0
BRDA:7,1,1,0
BRDA:9,2,0,0
BRDA:9,2,1,0
BRDA:9,3,0,0
BRDA:9,3,1,0
BRDA:17,4,0,0
BRDA:17,4,1,0
BRDA:17,5,0,0
BRDA:17,5,1,0
BRDA:23,6,0,0
BRDA:23,6,1,0
BRDA:23,7,0,0
BRDA:23,7,1,0
BRDA:29,8,0,0
BRDA:29,8,1,0
BRDA:29,9,0,0
BRDA:29,9,1,0
BRDA:47,10,0,0
BRDA:47,10,1,0
BRF:22
BRH:0
end_of_record
TN:
SF:src/patterns/abstract-factory/AIFactory.ts
FN:38,(anonymous_0)
FN:46,(anonymous_1)
FN:56,(anonymous_2)
FN:67,(anonymous_3)
FN:79,(anonymous_4)
FN:82,(anonymous_5)
FN:88,(anonymous_6)
FN:91,(anonymous_7)
FN:103,(anonymous_8)
FN:107,(anonymous_9)
FNF:10
FNH:5
FNDA:0,(anonymous_0)
FNDA:1,(anonymous_1)
FNDA:0,(anonymous_2)
FNDA:0,(anonymous_3)
FNDA:1,(anonymous_4)
FNDA:2,(anonymous_5)
FNDA:1,(anonymous_6)
FNDA:1,(anonymous_7)
FNDA:0,(anonymous_8)
FNDA:0,(anonymous_9)
DA:1,2
DA:2,2
DA:39,0
DA:40,0
DA:41,0
DA:47,1
DA:48,1
DA:57,0
DA:58,0
DA:68,0
DA:69,0
DA:78,2
DA:80,1
DA:83,2
DA:87,2
DA:89,1
DA:92,1
DA:100,2
DA:104,0
DA:108,0
DA:109,0
LF:21
LH:11
BRDA:59,0,0,0
BRDA:59,0,1,0
BRDA:59,1,0,0
BRDA:59,1,1,0
BRF:4
BRH:0
end_of_record
TN:
SF:src/patterns/factory/CoachFactory.ts
FN:19,(anonymous_0)
FN:39,(anonymous_1)
FN:40,(anonymous_2)
FN:41,(anonymous_3)
FN:43,(anonymous_4)
FN:54,(anonymous_5)
FN:76,(anonymous_6)
FNF:7
FNH:4
FNDA:2,(anonymous_0)
FNDA:2,(anonymous_1)
FNDA:0,(anonymous_2)
FNDA:0,(anonymous_3)
FNDA:0,(anonymous_4)
FNDA:2,(anonymous_5)
FNDA:4,(anonymous_6)
DA:18,3
DA:20,2
DA:22,1
DA:40,2
DA:41,0
DA:42,0
DA:43,0
DA:44,0
DA:53,3
DA:55,2
DA:75,3
DA:77,4
DA:79,2
DA:81,2
DA:83,0
LF:15
LH:10
BRDA:33,0,0,1
BRDA:33,0,1,0
BRDA:42,1,0,0
BRDA:42,1,1,0
BRDA:77,2,0,2
BRDA:77,2,1,2
BRDA:77,2,2,0
BRF:7
BRH:3
end_of_record
TN:
SF:src/services/ai-tools.service.ts
FN:247,(anonymous_0)
FN:260,(anonymous_1)
FN:283,(anonymous_2)
FN:314,(anonymous_3)
FN:348,(anonymous_4)
FN:350,(anonymous_5)
FN:351,(anonymous_6)
FN:354,(anonymous_7)
FN:360,(anonymous_8)
FN:368,(anonymous_9)
FN:370,(anonymous_10)
FN:389,(anonymous_11)
FN:415,(anonymous_12)
FN:416,(anonymous_13)
FN:418,(anonymous_14)
FN:427,(anonymous_15)
FN:431,(anonymous_16)
FN:432,(anonymous_17)
FN:434,(anonymous_18)
FN:454,(anonymous_19)
FN:496,(anonymous_20)
FN:498,(anonymous_21)
FN:502,(anonymous_22)
FN:503,(anonymous_23)
FN:504,(anonymous_24)
FN:535,(anonymous_25)
FN:536,(anonymous_26)
FN:558,(anonymous_27)
FN:600,(anonymous_28)
FN:633,(anonymous_29)
FN:655,(anonymous_30)
FN:656,(anonymous_31)
FN:657,(anonymous_32)
FN:660,(anonymous_33)
FN:670,(anonymous_34)
FN:677,(anonymous_35)
FN:677,(anonymous_36)
FN:678,(anonymous_37)
FN:683,(anonymous_38)
FN:685,(anonymous_39)
FN:694,(anonymous_40)
FN:695,(anonymous_41)
FN:716,(anonymous_42)
FN:718,(anonymous_43)
FN:719,(anonymous_44)
FN:764,(anonymous_45)
FN:801,(anonymous_46)
FN:802,(anonymous_47)
FN:811,(anonymous_48)
FN:831,(anonymous_49)
FN:867,(anonymous_50)
FN:913,(anonymous_51)
FN:923,(anonymous_52)
FN:942,(anonymous_53)
FN:966,(anonymous_54)
FN:985,(anonymous_55)
FN:987,(anonymous_56)
FN:1093,(anonymous_57)
FN:1140,(anonymous_58)
FN:1173,(anonymous_59)
FN:1176,(anonymous_60)
FN:1208,(anonymous_61)
FN:1272,(anonymous_62)
FN:1276,(anonymous_63)
FNF:64
FNH:0
FNDA:0,(anonymous_0)
FNDA:0,(anonymous_1)
FNDA:0,(anonymous_2)
FNDA:0,(anonymous_3)
FNDA:0,(anonymous_4)
FNDA:0,(anonymous_5)
FNDA:0,(anonymous_6)
FNDA:0,(anonymous_7)
FNDA:0,(anonymous_8)
FNDA:0,(anonymous_9)
FNDA:0,(anonymous_10)
FNDA:0,(anonymous_11)
FNDA:0,(anonymous_12)
FNDA:0,(anonymous_13)
FNDA:0,(anonymous_14)
FNDA:0,(anonymous_15)
FNDA:0,(anonymous_16)
FNDA:0,(anonymous_17)
FNDA:0,(anonymous_18)
FNDA:0,(anonymous_19)
FNDA:0,(anonymous_20)
FNDA:0,(anonymous_21)
FNDA:0,(anonymous_22)
FNDA:0,(anonymous_23)
FNDA:0,(anonymous_24)
FNDA:0,(anonymous_25)
FNDA:0,(anonymous_26)
FNDA:0,(anonymous_27)
FNDA:0,(anonymous_28)
FNDA:0,(anonymous_29)
FNDA:0,(anonymous_30)
FNDA:0,(anonymous_31)
FNDA:0,(anonymous_32)
FNDA:0,(anonymous_33)
FNDA:0,(anonymous_34)
FNDA:0,(anonymous_35)
FNDA:0,(anonymous_36)
FNDA:0,(anonymous_37)
FNDA:0,(anonymous_38)
FNDA:0,(anonymous_39)
FNDA:0,(anonymous_40)
FNDA:0,(anonymous_41)
FNDA:0,(anonymous_42)
FNDA:0,(anonymous_43)
FNDA:0,(anonymous_44)
FNDA:0,(anonymous_45)
FNDA:0,(anonymous_46)
FNDA:0,(anonymous_47)
FNDA:0,(anonymous_48)
FNDA:0,(anonymous_49)
FNDA:0,(anonymous_50)
FNDA:0,(anonymous_51)
FNDA:0,(anonymous_52)
FNDA:0,(anonymous_53)
FNDA:0,(anonymous_54)
FNDA:0,(anonymous_55)
FNDA:0,(anonymous_56)
FNDA:0,(anonymous_57)
FNDA:0,(anonymous_58)
FNDA:0,(anonymous_59)
FNDA:0,(anonymous_60)
FNDA:0,(anonymous_61)
FNDA:0,(anonymous_62)
FNDA:0,(anonymous_63)
DA:13,0
DA:14,0
DA:17,0
DA:19,0
DA:247,0
DA:248,0
DA:256,0
DA:260,0
DA:261,0
DA:262,0
DA:264,0
DA:266,0
DA:268,0
DA:273,0
DA:275,0
DA:277,0
DA:282,0
DA:284,0
DA:287,0
DA:289,0
DA:291,0
DA:293,0
DA:295,0
DA:297,0
DA:299,0
DA:301,0
DA:303,0
DA:305,0
DA:307,0
DA:315,0
DA:317,0
DA:332,0
DA:334,0
DA:335,0
DA:343,0
DA:344,0
DA:345,0
DA:346,0
DA:348,0
DA:349,0
DA:350,0
DA:351,0
DA:352,0
DA:354,0
DA:355,0
DA:359,0
DA:360,0
DA:361,0
DA:367,0
DA:368,0
DA:370,0
DA:372,0
DA:390,0
DA:406,0
DA:408,0
DA:409,0
DA:413,0
DA:414,0
DA:415,0
DA:416,0
DA:417,0
DA:418,0
DA:421,0
DA:424,0
DA:427,0
DA:429,0
DA:430,0
DA:431,0
DA:432,0
DA:433,0
DA:434,0
DA:435,0
DA:439,0
DA:455,0
DA:456,0
DA:459,0
DA:465,0
DA:466,0
DA:469,0
DA:472,0
DA:486,0
DA:487,0
DA:496,0
DA:497,0
DA:498,0
DA:500,0
DA:502,0
DA:503,0
DA:504,0
DA:506,0
DA:515,0
DA:516,0
DA:525,0
DA:526,0
DA:527,0
DA:529,0
DA:530,0
DA:531,0
DA:532,0
DA:535,0
DA:536,0
DA:538,0
DA:559,0
DA:560,0
DA:562,0
DA:568,0
DA:569,0
DA:572,0
DA:574,0
DA:582,0
DA:583,0
DA:584,0
DA:587,0
DA:588,0
DA:590,0
DA:591,0
DA:592,0
DA:593,0
DA:597,0
DA:599,0
DA:600,0
DA:604,0
DA:609,0
DA:610,0
DA:611,0
DA:612,0
DA:613,0
DA:614,0
DA:617,0
DA:634,0
DA:635,0
DA:637,0
DA:648,0
DA:649,0
DA:652,0
DA:653,0
DA:655,0
DA:656,0
DA:657,0
DA:658,0
DA:660,0
DA:661,0
DA:662,0
DA:663,0
DA:670,0
DA:677,0
DA:678,0
DA:680,0
DA:683,0
DA:685,0
DA:695,0
DA:696,0
DA:698,0
DA:710,0
DA:712,0
DA:713,0
DA:714,0
DA:716,0
DA:717,0
DA:718,0
DA:719,0
DA:720,0
DA:721,0
DA:722,0
DA:728,0
DA:736,0
DA:741,0
DA:742,0
DA:745,0
DA:749,0
DA:765,0
DA:771,0
DA:772,0
DA:775,0
DA:777,0
DA:791,0
DA:792,0
DA:798,0
DA:799,0
DA:800,0
DA:801,0
DA:802,0
DA:804,0
DA:805,0
DA:811,0
DA:812,0
DA:815,0
DA:832,0
DA:833,0
DA:835,0
DA:842,0
DA:843,0
DA:846,0
DA:847,0
DA:848,0
DA:849,0
DA:850,0
DA:852,0
DA:872,0
DA:875,0
DA:882,0
DA:883,0
DA:887,0
DA:888,0
DA:892,0
DA:893,0
DA:896,0
DA:898,0
DA:899,0
DA:900,0
DA:903,0
DA:905,0
DA:911,0
DA:913,0
DA:923,0
DA:931,0
DA:957,0
DA:959,0
DA:960,0
DA:964,0
DA:965,0
DA:966,0
DA:967,0
DA:973,0
DA:976,0
DA:977,0
DA:978,0
DA:984,0
DA:985,0
DA:986,0
DA:987,0
DA:991,0
DA:993,0
DA:998,0
DA:999,0
DA:1000,0
DA:1003,0
DA:1004,0
DA:1016,0
DA:1017,0
DA:1018,0
DA:1021,0
DA:1022,0
DA:1025,0
DA:1026,0
DA:1027,0
DA:1029,0
DA:1033,0
DA:1034,0
DA:1043,0
DA:1044,0
DA:1045,0
DA:1051,0
DA:1059,0
DA:1060,0
DA:1061,0
DA:1070,0
DA:1072,0
DA:1074,0
DA:1081,0
DA:1082,0
DA:1086,0
DA:1087,0
DA:1090,0
DA:1092,0
DA:1093,0
DA:1099,0
DA:1107,0
DA:1110,0
DA:1113,0
DA:1114,0
DA:1117,0
DA:1118,0
DA:1124,0
DA:1125,0
DA:1129,0
DA:1130,0
DA:1133,0
DA:1135,0
DA:1136,0
DA:1137,0
DA:1140,0
DA:1158,0
DA:1162,0
DA:1174,0
DA:1176,0
DA:1190,0
DA:1225,0
DA:1226,0
DA:1233,0
DA:1234,0
DA:1236,0
DA:1237,0
DA:1238,0
DA:1239,0
DA:1240,0
DA:1242,0
DA:1247,0
DA:1248,0
DA:1249,0
DA:1250,0
DA:1252,0
DA:1253,0
DA:1256,0
DA:1265,0
DA:1272,0
DA:1276,0
LF:307
LH:0
BRDA:256,0,0,0
BRDA:256,0,1,0
BRDA:264,1,0,0
BRDA:264,1,1,0
BRDA:264,1,2,0
BRDA:264,1,3,0
BRDA:264,1,4,0
BRDA:284,2,0,0
BRDA:284,2,1,0
BRDA:284,2,2,0
BRDA:284,2,3,0
BRDA:284,2,4,0
BRDA:284,2,5,0
BRDA:284,2,6,0
BRDA:284,2,7,0
BRDA:284,2,8,0
BRDA:284,2,9,0
BRDA:284,2,10,0
BRDA:291,3,0,0
BRDA:291,3,1,0
BRDA:295,4,0,0
BRDA:295,4,1,0
BRDA:295,5,0,0
BRDA:295,5,1,0
BRDA:297,6,0,0
BRDA:297,6,1,0
BRDA:299,7,0,0
BRDA:299,7,1,0
BRDA:305,8,0,0
BRDA:305,8,1,0
BRDA:305,9,0,0
BRDA:305,9,1,0
BRDA:314,10,0,0
BRDA:334,11,0,0
BRDA:334,11,1,0
BRDA:334,12,0,0
BRDA:334,12,1,0
BRDA:349,13,0,0
BRDA:349,13,1,0
BRDA:351,14,0,0
BRDA:351,14,1,0
BRDA:355,15,0,0
BRDA:355,15,1,0
BRDA:355,16,0,0
BRDA:355,16,1,0
BRDA:359,17,0,0
BRDA:359,17,1,0
BRDA:361,18,0,0
BRDA:361,18,1,0
BRDA:361,19,0,0
BRDA:361,19,1,0
BRDA:408,20,0,0
BRDA:408,20,1,0
BRDA:408,21,0,0
BRDA:408,21,1,0
BRDA:414,22,0,0
BRDA:414,22,1,0
BRDA:417,23,0,0
BRDA:417,23,1,0
BRDA:421,24,0,0
BRDA:421,24,1,0
BRDA:427,25,0,0
BRDA:427,25,1,0
BRDA:432,26,0,0
BRDA:432,26,1,0
BRDA:435,27,0,0
BRDA:435,27,1,0
BRDA:435,28,0,0
BRDA:435,28,1,0
BRDA:440,29,0,0
BRDA:440,29,1,0
BRDA:454,30,0,0
BRDA:454,31,0,0
BRDA:465,32,0,0
BRDA:465,32,1,0
BRDA:465,33,0,0
BRDA:465,33,1,0
BRDA:486,34,0,0
BRDA:486,34,1,0
BRDA:486,35,0,0
BRDA:486,35,1,0
BRDA:500,36,0,0
BRDA:500,36,1,0
BRDA:502,37,0,0
BRDA:502,37,1,0
BRDA:503,38,0,0
BRDA:503,38,1,0
BRDA:503,39,0,0
BRDA:503,39,1,0
BRDA:504,40,0,0
BRDA:504,40,1,0
BRDA:515,41,0,0
BRDA:515,41,1,0
BRDA:527,42,0,0
BRDA:527,42,1,0
BRDA:527,43,0,0
BRDA:527,43,1,0
BRDA:532,44,0,0
BRDA:532,44,1,0
BRDA:536,45,0,0
BRDA:536,45,1,0
BRDA:548,46,0,0
BRDA:548,46,1,0
BRDA:548,47,0,0
BRDA:548,47,1,0
BRDA:551,48,0,0
BRDA:551,48,1,0
BRDA:558,49,0,0
BRDA:568,50,0,0
BRDA:568,50,1,0
BRDA:568,51,0,0
BRDA:568,51,1,0
BRDA:582,52,0,0
BRDA:582,52,1,0
BRDA:590,53,0,0
BRDA:590,53,1,0
BRDA:604,54,0,0
BRDA:604,54,1,0
BRDA:610,55,0,0
BRDA:610,55,1,0
BRDA:613,56,0,0
BRDA:613,56,1,0
BRDA:613,57,0,0
BRDA:613,57,1,0
BRDA:626,58,0,0
BRDA:626,58,1,0
BRDA:626,59,0,0
BRDA:626,59,1,0
BRDA:633,60,0,0
BRDA:648,61,0,0
BRDA:648,61,1,0
BRDA:648,62,0,0
BRDA:648,62,1,0
BRDA:657,63,0,0
BRDA:657,63,1,0
BRDA:658,64,0,0
BRDA:658,64,1,0
BRDA:661,65,0,0
BRDA:661,65,1,0
BRDA:663,66,0,0
BRDA:663,66,1,0
BRDA:672,67,0,0
BRDA:672,67,1,0
BRDA:673,68,0,0
BRDA:673,68,1,0
BRDA:673,69,0,0
BRDA:673,69,1,0
BRDA:674,70,0,0
BRDA:674,70,1,0
BRDA:674,71,0,0
BRDA:674,71,1,0
BRDA:686,72,0,0
BRDA:686,72,1,0
BRDA:687,73,0,0
BRDA:687,73,1,0
BRDA:710,74,0,0
BRDA:710,74,1,0
BRDA:717,75,0,0
BRDA:717,75,1,0
BRDA:720,76,0,0
BRDA:720,76,1,0
BRDA:722,77,0,0
BRDA:722,77,1,0
BRDA:722,78,0,0
BRDA:722,78,1,0
BRDA:741,79,0,0
BRDA:741,79,1,0
BRDA:741,80,0,0
BRDA:741,80,1,0
BRDA:745,81,0,0
BRDA:745,81,1,0
BRDA:756,82,0,0
BRDA:756,82,1,0
BRDA:756,83,0,0
BRDA:756,83,1,0
BRDA:771,84,0,0
BRDA:771,84,1,0
BRDA:771,85,0,0
BRDA:771,85,1,0
BRDA:791,86,0,0
BRDA:791,86,1,0
BRDA:791,87,0,0
BRDA:791,87,1,0
BRDA:804,88,0,0
BRDA:804,88,1,0
BRDA:812,89,0,0
BRDA:812,89,1,0
BRDA:812,90,0,0
BRDA:812,90,1,0
BRDA:812,91,0,0
BRDA:812,91,1,0
BRDA:831,92,0,0
BRDA:831,93,0,0
BRDA:842,94,0,0
BRDA:842,94,1,0
BRDA:842,95,0,0
BRDA:842,95,1,0
BRDA:850,96,0,0
BRDA:850,96,1,0
BRDA:850,97,0,0
BRDA:850,97,1,0
BRDA:860,98,0,0
BRDA:860,98,1,0
BRDA:860,99,0,0
BRDA:860,99,1,0
BRDA:882,100,0,0
BRDA:882,100,1,0
BRDA:887,101,0,0
BRDA:887,101,1,0
BRDA:892,102,0,0
BRDA:892,102,1,0
BRDA:898,103,0,0
BRDA:898,103,1,0
BRDA:903,104,0,0
BRDA:903,104,1,0
BRDA:903,105,0,0
BRDA:903,105,1,0
BRDA:913,106,0,0
BRDA:913,106,1,0
BRDA:928,107,0,0
BRDA:928,107,1,0
BRDA:954,108,0,0
BRDA:955,109,0,0
BRDA:956,110,0,0
BRDA:964,111,0,0
BRDA:964,111,1,0
BRDA:976,112,0,0
BRDA:976,112,1,0
BRDA:976,113,0,0
BRDA:976,113,1,0
BRDA:986,114,0,0
BRDA:986,114,1,0
BRDA:998,115,0,0
BRDA:998,115,1,0
BRDA:1016,116,0,0
BRDA:1016,116,1,0
BRDA:1018,117,0,0
BRDA:1018,117,1,0
BRDA:1025,118,0,0
BRDA:1025,118,1,0
BRDA:1027,119,0,0
BRDA:1027,119,1,0
BRDA:1038,120,0,0
BRDA:1038,120,1,0
BRDA:1039,121,0,0
BRDA:1039,121,1,0
BRDA:1043,122,0,0
BRDA:1043,122,1,0
BRDA:1059,123,0,0
BRDA:1059,123,1,0
BRDA:1059,124,0,0
BRDA:1059,124,1,0
BRDA:1065,125,0,0
BRDA:1065,125,1,0
BRDA:1066,126,0,0
BRDA:1066,126,1,0
BRDA:1070,127,0,0
BRDA:1070,127,1,0
BRDA:1070,128,0,0
BRDA:1070,128,1,0
BRDA:1081,129,0,0
BRDA:1081,129,1,0
BRDA:1081,130,0,0
BRDA:1081,130,1,0
BRDA:1086,131,0,0
BRDA:1086,131,1,0
BRDA:1090,132,0,0
BRDA:1090,132,1,0
BRDA:1092,133,0,0
BRDA:1092,133,1,0
BRDA:1092,134,0,0
BRDA:1092,134,1,0
BRDA:1124,135,0,0
BRDA:1124,135,1,0
BRDA:1124,136,0,0
BRDA:1124,136,1,0
BRDA:1129,137,0,0
BRDA:1129,137,1,0
BRDA:1133,138,0,0
BRDA:1133,138,1,0
BRDA:1135,139,0,0
BRDA:1135,139,1,0
BRDA:1135,140,0,0
BRDA:1135,140,1,0
BRDA:1187,141,0,0
BRDA:1187,141,1,0
BRDA:1195,142,0,0
BRDA:1195,142,1,0
BRDA:1196,143,0,0
BRDA:1196,143,1,0
BRDA:1225,144,0,0
BRDA:1225,144,1,0
BRDA:1225,145,0,0
BRDA:1225,145,1,0
BRDA:1225,145,2,0
BRDA:1237,146,0,0
BRDA:1237,146,1,0
BRDA:1238,147,0,0
BRDA:1238,147,1,0
BRDA:1239,148,0,0
BRDA:1239,148,1,0
BRDA:1240,149,0,0
BRDA:1240,149,1,0
BRDA:1240,150,0,0
BRDA:1240,150,1,0
BRDA:1247,151,0,0
BRDA:1247,151,1,0
BRDA:1247,152,0,0
BRDA:1247,152,1,0
BRDA:1249,153,0,0
BRDA:1249,153,1,0
BRDA:1250,154,0,0
BRDA:1250,154,1,0
BRDA:1252,155,0,0
BRDA:1252,155,1,0
BRDA:1253,156,0,0
BRDA:1253,156,1,0
BRDA:1259,157,0,0
BRDA:1259,157,1,0
BRDA:1270,158,0,0
BRDA:1270,158,1,0
BRDA:1271,159,0,0
BRDA:1271,159,1,0
BRDA:1273,160,0,0
BRDA:1273,160,1,0
BRDA:1275,161,0,0
BRDA:1275,161,1,0
BRDA:1276,162,0,0
BRDA:1276,162,1,0
BRDA:1279,163,0,0
BRDA:1279,163,1,0
BRDA:1280,164,0,0
BRDA:1280,164,1,0
BRDA:1281,165,0,0
BRDA:1281,165,1,0
BRF:335
BRH:0
end_of_record
TN:
SF:src/services/ai.service.ts
FN:8,(anonymous_0)
FN:24,(anonymous_1)
FN:25,(anonymous_2)
FN:97,(anonymous_3)
FN:97,(anonymous_4)
FN:103,(anonymous_5)
FN:105,(anonymous_6)
FN:106,(anonymous_7)
FN:107,(anonymous_8)
FN:121,(anonymous_9)
FN:135,(anonymous_10)
FN:139,(anonymous_11)
FN:153,(anonymous_12)
FN:154,(anonymous_13)
FN:159,(anonymous_14)
FN:160,(anonymous_15)
FN:174,(anonymous_16)
FN:175,(anonymous_17)
FNF:18
FNH:0
FNDA:0,(anonymous_0)
FNDA:0,(anonymous_1)
FNDA:0,(anonymous_2)
FNDA:0,(anonymous_3)
FNDA:0,(anonymous_4)
FNDA:0,(anonymous_5)
FNDA:0,(anonymous_6)
FNDA:0,(anonymous_7)
FNDA:0,(anonymous_8)
FNDA:0,(anonymous_9)
FNDA:0,(anonymous_10)
FNDA:0,(anonymous_11)
FNDA:0,(anonymous_12)
FNDA:0,(anonymous_13)
FNDA:0,(anonymous_14)
FNDA:0,(anonymous_15)
FNDA:0,(anonymous_16)
FNDA:0,(anonymous_17)
DA:1,0
DA:2,0
DA:3,0
DA:4,0
DA:5,0
DA:7,0
DA:10,0
DA:16,0
DA:17,0
DA:20,0
DA:24,0
DA:25,0
DA:28,0
DA:79,0
DA:85,0
DA:88,0
DA:89,0
DA:91,0
DA:92,0
DA:97,0
DA:98,0
DA:103,0
DA:106,0
DA:107,0
DA:109,0
DA:111,0
DA:121,0
DA:124,0
DA:132,0
DA:136,0
DA:141,0
DA:147,0
DA:150,0
DA:153,0
DA:154,0
DA:155,0
DA:159,0
DA:160,0
DA:164,0
DA:171,0
DA:172,0
DA:173,0
DA:174,0
DA:175,0
DA:176,0
DA:180,0
DA:181,0
DA:183,0
DA:192,0
DA:193,0
DA:195,0
DA:200,0
DA:201,0
DA:202,0
DA:204,0
DA:205,0
LF:56
LH:0
BRDA:17,0,0,0
BRDA:17,0,1,0
BRDA:35,1,0,0
BRDA:35,1,1,0
BRDA:36,2,0,0
BRDA:36,2,1,0
BRDA:37,3,0,0
BRDA:37,3,1,0
BRDA:106,4,0,0
BRDA:106,4,1,0
BRDA:109,5,0,0
BRDA:109,5,1,0
BRDA:114,6,0,0
BRDA:114,6,1,0
BRDA:115,7,0,0
BRDA:115,7,1,0
BRDA:116,8,0,0
BRDA:116,8,1,0
BRDA:117,9,0,0
BRDA:117,9,1,0
BRDA:118,10,0,0
BRDA:118,10,1,0
BRDA:139,11,0,0
BRDA:155,12,0,0
BRDA:155,12,1,0
BRDA:172,13,0,0
BRDA:172,13,1,0
BRDA:174,14,0,0
BRDA:174,14,1,0
BRDA:175,15,0,0
BRDA:175,15,1,0
BRDA:181,16,0,0
BRDA:181,16,1,0
BRDA:207,17,0,0
BRDA:207,17,1,0
BRDA:208,18,0,0
BRDA:208,18,1,0
BRF:37
BRH:0
end_of_record
TN:
SF:src/services/auth.service.ts
FN:4,(anonymous_0)
FN:17,(anonymous_1)
FN:25,(anonymous_2)
FN:29,(anonymous_3)
FN:35,(anonymous_4)
FN:39,(anonymous_5)
FN:43,(anonymous_6)
FNF:7
FNH:0
FNDA:0,(anonymous_0)
FNDA:0,(anonymous_1)
FNDA:0,(anonymous_2)
FNDA:0,(anonymous_3)
FNDA:0,(anonymous_4)
FNDA:0,(anonymous_5)
FNDA:0,(anonymous_6)
DA:1,0
DA:3,0
DA:5,0
DA:14,0
DA:18,0
DA:22,0
DA:26,0
DA:30,0
DA:31,0
DA:32,0
DA:36,0
DA:40,0
DA:44,0
LF:13
LH:0
BRDA:31,0,0,0
BRDA:31,0,1,0
BRDA:32,1,0,0
BRDA:32,1,1,0
BRF:4
BRH:0
end_of_record
TN:
SF:src/services/canonical-exercise.service.ts
FN:58,(anonymous_0)
FN:93,(anonymous_1)
FN:138,(anonymous_2)
FN:169,(anonymous_3)
FN:176,(anonymous_4)
FN:177,(anonymous_5)
FN:223,(anonymous_6)
FN:246,(anonymous_7)
FN:265,(anonymous_8)
FN:270,(anonymous_9)
FN:280,(anonymous_10)
FN:313,(anonymous_11)
FN:318,(anonymous_12)
FN:319,(anonymous_13)
FN:348,(anonymous_14)
FN:375,(anonymous_15)
FNF:16
FNH:0
FNDA:0,(anonymous_0)
FNDA:0,(anonymous_1)
FNDA:0,(anonymous_2)
FNDA:0,(anonymous_3)
FNDA:0,(anonymous_4)
FNDA:0,(anonymous_5)
FNDA:0,(anonymous_6)
FNDA:0,(anonymous_7)
FNDA:0,(anonymous_8)
FNDA:0,(anonymous_9)
FNDA:0,(anonymous_10)
FNDA:0,(anonymous_11)
FNDA:0,(anonymous_12)
FNDA:0,(anonymous_13)
FNDA:0,(anonymous_14)
FNDA:0,(anonymous_15)
DA:15,0
DA:39,0
DA:63,0
DA:69,0
DA:70,0
DA:72,0
DA:73,0
DA:75,0
DA:76,0
DA:79,0
DA:81,0
DA:82,0
DA:83,0
DA:86,0
DA:103,0
DA:109,0
DA:111,0
DA:114,0
DA:115,0
DA:118,0
DA:120,0
DA:121,0
DA:122,0
DA:125,0
DA:144,0
DA:150,0
DA:151,0
DA:152,0
DA:155,0
DA:158,0
DA:163,0
DA:164,0
DA:165,0
DA:169,0
DA:170,0
DA:171,0
DA:174,0
DA:176,0
DA:177,0
DA:178,0
DA:183,0
DA:184,0
DA:188,0
DA:189,0
DA:194,0
DA:195,0
DA:199,0
DA:200,0
DA:201,0
DA:202,0
DA:206,0
DA:211,0
DA:212,0
DA:215,0
DA:216,0
DA:217,0
DA:219,0
DA:223,0
DA:225,0
DA:227,0
DA:228,0
DA:231,0
DA:251,0
DA:253,0
DA:254,0
DA:258,0
DA:263,0
DA:264,0
DA:265,0
DA:266,0
DA:269,0
DA:270,0
DA:273,0
DA:278,0
DA:279,0
DA:280,0
DA:281,0
DA:284,0
DA:296,0
DA:297,0
DA:298,0
DA:299,0
DA:300,0
DA:304,0
DA:305,0
DA:307,0
DA:308,0
DA:309,0
DA:313,0
DA:314,0
DA:315,0
DA:317,0
DA:318,0
DA:319,0
DA:320,0
DA:324,0
DA:326,0
DA:327,0
DA:331,0
DA:332,0
DA:335,0
DA:336,0
DA:339,0
DA:340,0
DA:342,0
DA:343,0
DA:345,0
DA:348,0
DA:349,0
DA:351,0
DA:363,0
DA:364,0
DA:365,0
DA:369,0
DA:376,0
DA:382,0
DA:383,0
DA:387,0
LF:118
LH:0
BRDA:69,0,0,0
BRDA:69,0,1,0
BRDA:72,1,0,0
BRDA:72,1,1,0
BRDA:75,2,0,0
BRDA:75,2,1,0
BRDA:81,3,0,0
BRDA:81,3,1,0
BRDA:86,4,0,0
BRDA:86,4,1,0
BRDA:109,5,0,0
BRDA:109,5,1,0
BRDA:114,6,0,0
BRDA:114,6,1,0
BRDA:120,7,0,0
BRDA:120,7,1,0
BRDA:126,8,0,0
BRDA:126,8,1,0
BRDA:127,9,0,0
BRDA:127,9,1,0
BRDA:150,10,0,0
BRDA:150,10,1,0
BRDA:150,11,0,0
BRDA:150,11,1,0
BRDA:163,12,0,0
BRDA:163,12,1,0
BRDA:163,13,0,0
BRDA:163,13,1,0
BRDA:163,13,2,0
BRDA:171,14,0,0
BRDA:171,14,1,0
BRDA:174,15,0,0
BRDA:174,15,1,0
BRDA:174,16,0,0
BRDA:174,16,1,0
BRDA:177,17,0,0
BRDA:177,17,1,0
BRDA:178,18,0,0
BRDA:178,18,1,0
BRDA:183,19,0,0
BRDA:183,19,1,0
BRDA:189,20,0,0
BRDA:189,20,1,0
BRDA:195,21,0,0
BRDA:195,21,1,0
BRDA:199,22,0,0
BRDA:199,22,1,0
BRDA:200,23,0,0
BRDA:200,23,1,0
BRDA:202,24,0,0
BRDA:202,24,1,0
BRDA:203,25,0,0
BRDA:203,25,1,0
BRDA:203,25,2,0
BRDA:203,25,3,0
BRDA:211,26,0,0
BRDA:211,26,1,0
BRDA:212,27,0,0
BRDA:212,27,1,0
BRDA:216,28,0,0
BRDA:216,28,1,0
BRDA:217,29,0,0
BRDA:217,29,1,0
BRDA:227,30,0,0
BRDA:227,30,1,0
BRDA:234,31,0,0
BRDA:234,31,1,0
BRDA:253,32,0,0
BRDA:253,32,1,0
BRDA:263,33,0,0
BRDA:263,33,1,0
BRDA:263,34,0,0
BRDA:263,34,1,0
BRDA:263,34,2,0
BRDA:278,35,0,0
BRDA:278,35,1,0
BRDA:278,36,0,0
BRDA:278,36,1,0
BRDA:278,36,2,0
BRDA:298,37,0,0
BRDA:298,37,1,0
BRDA:305,38,0,0
BRDA:305,38,1,0
BRDA:307,39,0,0
BRDA:307,39,1,0
BRDA:315,40,0,0
BRDA:315,40,1,0
BRDA:317,41,0,0
BRDA:317,41,1,0
BRDA:317,42,0,0
BRDA:317,42,1,0
BRDA:319,43,0,0
BRDA:319,43,1,0
BRDA:320,44,0,0
BRDA:320,44,1,0
BRDA:324,45,0,0
BRDA:324,45,1,0
BRDA:327,46,0,0
BRDA:327,46,1,0
BRDA:332,47,0,0
BRDA:332,47,1,0
BRDA:335,48,0,0
BRDA:335,48,1,0
BRDA:335,49,0,0
BRDA:335,49,1,0
BRDA:339,50,0,0
BRDA:339,50,1,0
BRDA:340,51,0,0
BRDA:340,51,1,0
BRDA:343,52,0,0
BRDA:343,52,1,0
BRDA:354,53,0,0
BRDA:354,53,1,0
BRDA:356,54,0,0
BRDA:356,54,1,0
BRDA:357,55,0,0
BRDA:357,55,1,0
BRDA:358,56,0,0
BRDA:358,56,1,0
BRDA:364,57,0,0
BRDA:364,57,1,0
BRDA:382,58,0,0
BRDA:382,58,1,0
BRDA:382,59,0,0
BRDA:382,59,1,0
BRF:125
BRH:0
end_of_record
TN:
SF:src/services/plan-progression.service.ts
FN:12,(anonymous_0)
FN:15,(anonymous_1)
FN:30,(anonymous_2)
FN:34,(anonymous_3)
FN:53,(anonymous_4)
FN:56,(anonymous_5)
FNF:6
FNH:0
FNDA:0,(anonymous_0)
FNDA:0,(anonymous_1)
FNDA:0,(anonymous_2)
FNDA:0,(anonymous_3)
FNDA:0,(anonymous_4)
FNDA:0,(anonymous_5)
DA:1,0
DA:4,0
DA:13,0
DA:15,0
DA:18,0
DA:27,0
DA:30,0
DA:34,0
DA:38,0
DA:39,0
DA:40,0
DA:42,0
DA:43,0
DA:47,0
DA:54,0
DA:56,0
DA:57,0
DA:59,0
DA:60,0
DA:65,0
DA:66,0
DA:67,0
DA:69,0
DA:70,0
DA:74,0
LF:25
LH:0
BRDA:13,0,0,0
BRDA:13,0,1,0
BRDA:13,1,0,0
BRDA:13,1,1,0
BRDA:13,1,2,0
BRDA:27,2,0,0
BRDA:27,2,1,0
BRDA:27,3,0,0
BRDA:27,3,1,0
BRDA:30,4,0,0
BRDA:30,4,1,0
BRDA:30,5,0,0
BRDA:30,5,1,0
BRDA:42,6,0,0
BRDA:42,6,1,0
BRDA:42,7,0,0
BRDA:42,7,1,0
BRDA:53,8,0,0
BRDA:54,9,0,0
BRDA:54,9,1,0
BRDA:54,10,0,0
BRDA:54,10,1,0
BRDA:54,10,2,0
BRDA:57,11,0,0
BRDA:57,11,1,0
BRDA:65,12,0,0
BRDA:65,12,1,0
BRDA:69,13,0,0
BRDA:69,13,1,0
BRDA:69,14,0,0
BRDA:69,14,1,0
BRF:31
BRH:0
end_of_record
TN:
SF:src/services/planner.service.ts
FN:44,(anonymous_0)
FN:68,(anonymous_1)
FN:69,(anonymous_2)
FN:71,(anonymous_3)
FN:79,(anonymous_4)
FN:102,(anonymous_5)
FN:103,(anonymous_6)
FN:105,(anonymous_7)
FN:113,(anonymous_8)
FN:137,(anonymous_9)
FN:177,(anonymous_10)
FN:200,(anonymous_11)
FN:222,(anonymous_12)
FN:226,(anonymous_13)
FN:228,(anonymous_14)
FN:234,(anonymous_15)
FN:279,(anonymous_16)
FN:299,(anonymous_17)
FN:316,(anonymous_18)
FN:321,(anonymous_19)
FN:343,(anonymous_20)
FN:348,(anonymous_21)
FN:366,(anonymous_22)
FN:380,(anonymous_23)
FN:406,(anonymous_24)
FN:409,(anonymous_25)
FN:422,(anonymous_26)
FN:440,(anonymous_27)
FN:462,(anonymous_28)
FN:485,(anonymous_29)
FNF:30
FNH:0
FNDA:0,(anonymous_0)
FNDA:0,(anonymous_1)
FNDA:0,(anonymous_2)
FNDA:0,(anonymous_3)
FNDA:0,(anonymous_4)
FNDA:0,(anonymous_5)
FNDA:0,(anonymous_6)
FNDA:0,(anonymous_7)
FNDA:0,(anonymous_8)
FNDA:0,(anonymous_9)
FNDA:0,(anonymous_10)
FNDA:0,(anonymous_11)
FNDA:0,(anonymous_12)
FNDA:0,(anonymous_13)
FNDA:0,(anonymous_14)
FNDA:0,(anonymous_15)
FNDA:0,(anonymous_16)
FNDA:0,(anonymous_17)
FNDA:0,(anonymous_18)
FNDA:0,(anonymous_19)
FNDA:0,(anonymous_20)
FNDA:0,(anonymous_21)
FNDA:0,(anonymous_22)
FNDA:0,(anonymous_23)
FNDA:0,(anonymous_24)
FNDA:0,(anonymous_25)
FNDA:0,(anonymous_26)
FNDA:0,(anonymous_27)
FNDA:0,(anonymous_28)
FNDA:0,(anonymous_29)
DA:2,0
DA:43,0
DA:45,0
DA:61,0
DA:62,0
DA:63,0
DA:64,0
DA:67,0
DA:68,0
DA:69,0
DA:70,0
DA:71,0
DA:76,0
DA:80,0
DA:95,0
DA:96,0
DA:97,0
DA:98,0
DA:101,0
DA:102,0
DA:103,0
DA:104,0
DA:105,0
DA:110,0
DA:116,0
DA:128,0
DA:129,0
DA:140,0
DA:143,0
DA:156,0
DA:157,0
DA:160,0
DA:161,0
DA:173,0
DA:174,0
DA:176,0
DA:177,0
DA:189,0
DA:193,0
DA:197,0
DA:202,0
DA:211,0
DA:214,0
DA:219,0
DA:222,0
DA:225,0
DA:226,0
DA:227,0
DA:228,0
DA:233,0
DA:234,0
DA:236,0
DA:238,0
DA:240,0
DA:250,0
DA:262,0
DA:263,0
DA:275,0
DA:278,0
DA:279,0
DA:291,0
DA:295,0
DA:300,0
DA:312,0
DA:315,0
DA:316,0
DA:319,0
DA:324,0
DA:329,0
DA:331,0
DA:332,0
DA:337,0
DA:338,0
DA:340,0
DA:345,0
DA:348,0
DA:360,0
DA:364,0
DA:367,0
DA:372,0
DA:373,0
DA:381,0
DA:382,0
DA:395,0
DA:397,0
DA:398,0
DA:399,0
DA:401,0
DA:402,0
DA:406,0
DA:410,0
DA:414,0
DA:415,0
DA:423,0
DA:433,0
DA:442,0
DA:445,0
DA:455,0
DA:464,0
DA:470,0
DA:471,0
DA:474,0
DA:475,0
DA:479,0
DA:484,0
DA:485,0
DA:486,0
DA:487,0
DA:490,0
DA:495,0
DA:497,0
DA:498,0
DA:505,0
DA:507,0
LF:114
LH:0
BRDA:61,0,0,0
BRDA:61,0,1,0
BRDA:62,1,0,0
BRDA:62,1,1,0
BRDA:67,2,0,0
BRDA:67,2,1,0
BRDA:67,3,0,0
BRDA:67,3,1,0
BRDA:70,4,0,0
BRDA:70,4,1,0
BRDA:95,5,0,0
BRDA:95,5,1,0
BRDA:96,6,0,0
BRDA:96,6,1,0
BRDA:101,7,0,0
BRDA:101,7,1,0
BRDA:101,8,0,0
BRDA:101,8,1,0
BRDA:104,9,0,0
BRDA:104,9,1,0
BRDA:113,10,0,0
BRDA:128,11,0,0
BRDA:128,11,1,0
BRDA:137,12,0,0
BRDA:156,13,0,0
BRDA:156,13,1,0
BRDA:157,14,0,0
BRDA:157,14,1,0
BRDA:173,15,0,0
BRDA:173,15,1,0
BRDA:174,16,0,0
BRDA:174,16,1,0
BRDA:176,17,0,0
BRDA:176,17,1,0
BRDA:176,18,0,0
BRDA:176,18,1,0
BRDA:193,19,0,0
BRDA:193,19,1,0
BRDA:211,20,0,0
BRDA:211,20,1,0
BRDA:219,21,0,0
BRDA:219,21,1,0
BRDA:225,22,0,0
BRDA:225,22,1,0
BRDA:227,23,0,0
BRDA:227,23,1,0
BRDA:238,24,0,0
BRDA:238,24,1,0
BRDA:262,25,0,0
BRDA:262,25,1,0
BRDA:278,26,0,0
BRDA:278,26,1,0
BRDA:278,27,0,0
BRDA:278,27,1,0
BRDA:295,28,0,0
BRDA:295,28,1,0
BRDA:312,29,0,0
BRDA:312,29,1,0
BRDA:315,30,0,0
BRDA:315,30,1,0
BRDA:315,31,0,0
BRDA:315,31,1,0
BRDA:329,32,0,0
BRDA:329,32,1,0
BRDA:331,33,0,0
BRDA:331,33,1,0
BRDA:337,34,0,0
BRDA:337,34,1,0
BRDA:353,35,0,0
BRDA:353,35,1,0
BRDA:364,36,0,0
BRDA:364,36,1,0
BRDA:372,37,0,0
BRDA:372,37,1,0
BRDA:395,38,0,0
BRDA:395,38,1,0
BRDA:397,39,0,0
BRDA:397,39,1,0
BRDA:406,40,0,0
BRDA:406,40,1,0
BRDA:408,41,0,0
BRDA:408,41,1,0
BRDA:409,42,0,0
BRDA:409,42,1,0
BRDA:410,43,0,0
BRDA:410,43,1,0
BRDA:422,44,0,0
BRDA:433,45,0,0
BRDA:433,45,1,0
BRDA:455,46,0,0
BRDA:455,46,1,0
BRDA:470,47,0,0
BRDA:470,47,1,0
BRDA:470,48,0,0
BRDA:470,48,1,0
BRDA:474,49,0,0
BRDA:474,49,1,0
BRDA:484,50,0,0
BRDA:484,50,1,0
BRDA:484,51,0,0
BRDA:484,51,1,0
BRDA:495,52,0,0
BRDA:495,52,1,0
BRDA:497,53,0,0
BRDA:497,53,1,0
BRF:105
BRH:0
end_of_record
TN:
SF:src/services/profile.service.ts
FN:5,(anonymous_0)
FN:14,(anonymous_1)
FNF:2
FNH:0
FNDA:0,(anonymous_0)
FNDA:0,(anonymous_1)
DA:2,0
DA:4,0
DA:6,0
DA:11,0
DA:15,0
DA:20,0
LF:6
LH:0
BRF:0
BRH:0
end_of_record
